<?xml version="1.0" encoding="utf-8"?>
<TestRun id="46d10ee1-c008-481b-8698-7f83d4ea6139" name="Administrator@PC-20260523XCPX 2026-09-02 15:59:46" runUser="PC-20260523XCPX\CodexSandboxOffline" xmlns="http://microsoft.com/schemas/VisualStudio/TeamTest/2010">
  <Times creation="2026-09-02T15:59:46.0112933+08:00" queuing="2026-09-02T15:59:46.0112933+08:00" start="2026-09-02T15:59:44.3395185+08:00" finish="2026-09-02T15:59:46.2349124+08:00" />
  <TestSettings name="default" id="7f349dac-7011-465d-88dc-21fd3905224c">
    <Deployment runDeploymentRoot="Administrator_PC-20260523XCPX_2026-09-02_15_59_46" />
  </TestSettings>
  <Results>
    <UnitTestResult executionId="6238dd38-1c03-4196-b15d-11c36e70b70f" testId="a92b8463-3f25-4baa-5b34-e4751b84c404" testName="RechargeMenuAndRouteUseAccountRechargeName" computerName="PC-20260523XCPX" duration="00:00:00.0010091" startTime="2026-09-02T15:59:46.0435159+08:00" endTime="2026-09-02T15:59:46.0444920+08:00" testType="13cdc9d9-ddb5-4fa4-a97d-d965ccfc6d4b" outcome="Passed" testListId="8c84fa94-04c1-424b-9868-57a2d4851a1d" relativeResultsDirectory="6238dd38-1c03-4196-b15d-11c36e70b70f" />
    <UnitTestResult executionId="062fef7c-6de4-41a3-a0e9-1c0f4921df08" testId="e3344252-27b1-22ec-c7be-a2b3ed152f96" testName="CoinOperationsRejectNonPositiveAmountsAndQueryRequiresUpDownPermission" computerName="PC-20260523XCPX" duration="00:00:00.0029341" startTime="2026-09-02T15:59:46.0962606+08:00" endTime="2026-09-02T15:59:46.0991914+08:00" testType="13cdc9d9-ddb5-4fa4-a97d-d965ccfc6d4b" outcome="Passed" testListId="8c84fa94-04c1-424b-9868-57a2d4851a1d" relativeResultsDirectory="062fef7c-6de4-41a3-a0e9-1c0f4921df08" />
    <UnitTestResult executionId="88b96789-f99c-4da7-8925-7c2cafdab56d" testId="76fd065c-4e56-8f3c-0dbf-c6222557b352" testName="TableRecordsMenuShowsOnlyForSuperAdmin" computerName="PC-20260523XCPX" duration="00:00:00.0014589" startTime="2026-09-02T15:59:45.9859007+08:00" endTime="2026-09-02T15:59:45.9878821+08:00" testType="13cdc9d9-ddb5-4fa4-a97d-d965ccfc6d4b" outcome="Passed" testListId="8c84fa94-04c1-424b-9868-57a2d4851a1d" relativeResultsDirectory="88b96789-f99c-4da7-8925-7c2cafdab56d" />
    <UnitTestResult executionId="a971c5a8-9972-401c-8cb9-6ece9a86a9b4" testId="a61f905e-69d4-899b-429a-41007d108f31" testName="OnlineUsersListIsScopedToManagedAgencies" computerName="PC-20260523XCPX" duration="00:00:00.0016014" startTime="2026-09-02T15:59:45.9829783+08:00" endTime="2026-09-02T15:59:45.9849264+08:00" testType="13cdc9d9-ddb5-4fa4-a97d-d965ccfc6d4b" outcome="Passed" testListId="8c84fa94-04c1-424b-9868-57a2d4851a1d" relativeResultsDirectory="a971c5a8-9972-401c-8cb9-6ece9a86a9b4" />
    <UnitTestResult executionId="827f76b8-014c-4a43-84ef-d980277fe91b" testId="2404956f-a49d-70e5-03da-ff77a5871e78" testName="InviteCodeCannotMatchAnyAgencyAccount" computerName="PC-20260523XCPX" duration="00:00:00.0052013" startTime="2026-09-02T15:59:45.9263382+08:00" endTime="2026-09-02T15:59:45.9322139+08:00" testType="13cdc9d9-ddb5-4fa4-a97d-d965ccfc6d4b" outcome="Passed" testListId="8c84fa94-04c1-424b-9868-57a2d4851a1d" relativeResultsDirectory="827f76b8-014c-4a43-84ef-d980277fe91b" />
    <UnitTestResult executionId="eeb24921-c77e-4415-b152-70cf3dcaf83d" testId="a065514d-deaf-f6a3-4abf-166a610ba83b" testName="AgencyCreationDefaultsEnableRequestedOperationalPermissionsOnly" computerName="PC-20260523XCPX" duration="00:00:00.0013726" startTime="2026-09-02T15:59:45.9751741+08:00" endTime="2026-09-02T15:59:45.9780997+08:00" testType="13cdc9d9-ddb5-4fa4-a97d-d965ccfc6d4b" outcome="Passed" testListId="8c84fa94-04c1-424b-9868-57a2d4851a1d" relativeResultsDirectory="eeb24921-c77e-4415-b152-70cf3dcaf83d" />
    <UnitTestResult executionId="740b4f52-bfac-43bd-b1d0-561cc0cb9c5e" testId="69feb490-0611-e9fb-03de-6307a4ae36ec" testName="InviteCodeStartsAtFourDigitsAndSkipsToFiveWhenFourDigitsFull" computerName="PC-20260523XCPX" duration="00:00:00.0060045" startTime="2026-09-02T15:59:45.9195061+08:00" endTime="2026-09-02T15:59:45.9263382+08:00" testType="13cdc9d9-ddb5-4fa4-a97d-d965ccfc6d4b" outcome="Passed" testListId="8c84fa94-04c1-424b-9868-57a2d4851a1d" relativeResultsDirectory="740b4f52-bfac-43bd-b1d0-561cc0cb9c5e" />
    <UnitTestResult executionId="4d52efc8-97cd-4e1d-b37a-e55983c65879" testId="97dd1d50-ce20-41ee-d4e6-9c0829d0eb17" testName="UserInfoKickActionDoesNotEmbedRazorExpressionInsideJavascriptIf" computerName="PC-20260523XCPX" duration="00:00:00.0012541" startTime="2026-09-02T15:59:45.9927484+08:00" endTime="2026-09-02T15:59:45.9946893+08:00" testType="13cdc9d9-ddb5-4fa4-a97d-d965ccfc6d4b" outcome="Passed" testListId="8c84fa94-04c1-424b-9868-57a2d4851a1d" relativeResultsDirectory="4d52efc8-97cd-4e1d-b37a-e55983c65879" />
    <UnitTestResult executionId="19ec9ee6-5383-4593-914b-49583c930756" testId="8b660537-fbcf-75ec-3bec-65d15c515392" testName="ManageScopeOneAllowsSelfAndDirectChildrenOnly" computerName="PC-20260523XCPX" duration="00:00:00.0071751" startTime="2026-09-02T15:59:45.9370777+08:00" endTime="2026-09-02T15:59:45.9448890+08:00" testType="13cdc9d9-ddb5-4fa4-a97d-d965ccfc6d4b" outcome="Passed" testListId="8c84fa94-04c1-424b-9868-57a2d4851a1d" relativeResultsDirectory="19ec9ee6-5383-4593-914b-49583c930756" />
    <UnitTestResult executionId="a36d6257-30a0-4e7e-a7bf-849e2825e71d" testId="3d4d2e57-3f6a-9352-a049-ad3f38f4b67a" testName="UnlimitedAgencyLimitAllowsMoreThanEightLevels" computerName="PC-20260523XCPX" duration="00:00:00.0217892" startTime="2026-09-02T15:59:45.6656350+08:00" endTime="2026-09-02T15:59:45.8247864+08:00" testType="13cdc9d9-ddb5-4fa4-a97d-d965ccfc6d4b" outcome="Passed" testListId="8c84fa94-04c1-424b-9868-57a2d4851a1d" relativeResultsDirectory="a36d6257-30a0-4e7e-a7bf-849e2825e71d" />
    <UnitTestResult executionId="2b42c55d-8ebf-4639-a478-98af5cdb8ee6" testId="2d8786b7-82a8-40eb-7ca8-e7d707e353cb" testName="ModifySafePasswordPermissionHasDedicatedEntryAndPost" computerName="PC-20260523XCPX" duration="00:00:00.0046333" startTime="2026-09-02T15:59:46.0874591+08:00" endTime="2026-09-02T15:59:46.0923469+08:00" testType="13cdc9d9-ddb5-4fa4-a97d-d965ccfc6d4b" outcome="Failed" testListId="8c84fa94-04c1-424b-9868-57a2d4851a1d" relativeResultsDirectory="2b42c55d-8ebf-4639-a478-98af5cdb8ee6">
      <Output>
        <ErrorInfo>
          <Message>StringAssert.Contains 失败。字符串“@{&#xD;
    Layout = "~/Views/Shared/Layout/_ContentLayout.cshtml";&#xD;
    ViewBag.RouteMap = "用户管理";&#xD;
    M_LoginUser loginUser = WebHelper.GetLoginInfo();&#xD;
}&#xD;
&#xD;
@section include_res{&#xD;
    &lt;script&gt;&#xD;
    var canKickWholeLine = @((loginUser?.UserPriv == 0 || loginUser?.ManageScope == 2).ToString().ToLower());&#xD;
    var loginAgencyAccount = "@(loginUser?.Accounts)";&#xD;
    var canDelete = @((loginUser?.UserPriv == 0 || loginUser?.IsDelete == 1).ToString().ToLower());&#xD;
    var canControl = @((loginUser?.UserPriv == 0 || loginUser?.IsKill == 1 || loginUser?.IsProbability == 1 || loginUser?.IsRelease == 1).ToString().ToLower());&#xD;
    var canKick = @((loginUser?.UserPriv == 0 || loginUser?.IsKicking == 1).ToString().ToLower());&#xD;
    var canUpDown = @((loginUser?.UserPriv == 0 || loginUser?.IsUpDown == 1).ToString().ToLower());&#xD;
    var canModifyPwd = @((loginUser?.UserPriv == 0 || loginUser?.IsModifyPwd == 1).ToString().ToLower());&#xD;
    $(function () {&#xD;
        // 加载指定的模块&#xD;
        easyloader.load(['textbox', 'linkbutton', 'datagrid', 'dialog'], function () {&#xD;
            //适应窗口大小变化&#xD;
            $(window).resize(function () {&#xD;
                if ($('body').data('grid-init')) {&#xD;
                    setGridSize();&#xD;
                }&#xD;
            });&#xD;
            //初始化插件&#xD;
            pluginInit();&#xD;
            bindUserRechargeCoinTriggers();&#xD;
            //初始化查询&#xD;
            queryData();&#xD;
            startUserInfoAutoRefresh();&#xD;
        });&#xD;
&#xD;
&#xD;
        //setTimeout(function () {&#xD;
        //    $(".panel-body-noheader").eq(1).children('div').each(function (index) {&#xD;
        //        $(this).on("click", function () {&#xD;
        //            goFirstPage(index);&#xD;
        //        });&#xD;
        //    })&#xD;
&#xD;
        //    $(".panel-body-noheader").eq(2).children('div').each(function (index) {&#xD;
        //        $(this).on("click", function () {&#xD;
        //            let text = $(this).text();&#xD;
        //            setTimeout(function () {&#xD;
        //                $("#_easyui_textbox_input14").val(text)&#xD;
        //            }, 10)&#xD;
        //        });&#xD;
        //    })&#xD;
        //},1000)&#xD;
    })&#xD;
    //    function goFirstPage(index) {&#xD;
    //        valSelData(index)&#xD;
    //}&#xD;
    //重置表格大小&#xD;
    function setGridSize(param) {&#xD;
        var w = 840; // 固定表宽（与在线用户页一致），不再占满整屏&#xD;
        var h = $(window).height() - 78;&#xD;
        resizeGrid('tb_UserInfo', w, h);&#xD;
    }&#xD;
    //查询数据&#xD;
    function queryData() {&#xD;
        var para = $("#frm_srch").serializeObject();&#xD;
        bindGridData(para);&#xD;
    }&#xD;
    var userInfoAutoRefreshTimer = null;&#xD;
    var userInfoSilentRefreshRunning = false;&#xD;
    function startUserInfoAutoRefresh() {&#xD;
        if (userInfoAutoRefreshTimer) {&#xD;
            clearInterval(userInfoAutoRefreshTimer);&#xD;
        }&#xD;
        userInfoAutoRefreshTimer = setInterval(function () {&#xD;
            refreshVisibleUserRows();&#xD;
        }, 3000);&#xD;
    }&#xD;
    function getVisibleUserIds() {&#xD;
        var grid = $('#tb_UserInfo');&#xD;
        if (!grid.data('datagrid')) {&#xD;
            return [];&#xD;
        }&#xD;
        var rows = grid.datagrid('getRows') || [];&#xD;
        var ids = [];&#xD;
        for (var i = 0; i &lt; rows.length; i++) {&#xD;
            if (rows[i] &amp;&amp; rows[i].ID) {&#xD;
                ids.push(rows[i].ID);&#xD;
            }&#xD;
        }&#xD;
        return ids;&#xD;
    }&#xD;
    function refreshVisibleUserRows() {&#xD;
        refreshVisibleUserRowsByIds(getVisibleUserIds());&#xD;
    }&#xD;
    function refreshVisibleUserRowsByIds(ids) {&#xD;
        var grid = $('#tb_UserInfo');&#xD;
        if (!grid.data('datagrid') || userInfoSilentRefreshRunning || !ids || ids.length &lt; 1) {&#xD;
            return;&#xD;
        }&#xD;
        userInfoSilentRefreshRunning = true;&#xD;
        $.ajax({&#xD;
            url: '/Game/UserInfo/GetVisibleUserRows',&#xD;
            type: 'POST',&#xD;
            dataType: 'json',&#xD;
            data: { UserIDs: JSON.stringify(ids) },&#xD;
            success: function (data) {&#xD;
                if (!data || data.code != 1 || !data.datas) {&#xD;
                    return;&#xD;
                }&#xD;
                applyVisibleUserRows(data.datas);&#xD;
            },&#xD;
            complete: function () {&#xD;
                userInfoSilentRefreshRunning = false;&#xD;
            }&#xD;
        });&#xD;
    }&#xD;
    function applyVisibleUserRows(serverRows) {&#xD;
        var grid = $('#tb_UserInfo');&#xD;
        var rows = grid.datagrid('getRows') || [];&#xD;
        var indexById = {};&#xD;
        for (var i = 0; i &lt; rows.length; i++) {&#xD;
            if (rows[i] &amp;&amp; rows[i].ID) {&#xD;
                indexById[rows[i].ID] = i;&#xD;
            }&#xD;
        }&#xD;
        for (var j = 0; j &lt; serverRows.length; j++) {&#xD;
            var fresh = serverRows[j];&#xD;
            if (!fresh || indexById[fresh.ID] == null) {&#xD;
                continue;&#xD;
            }&#xD;
            var rowIndex = indexById[fresh.ID];&#xD;
            grid.datagrid('updateRow', {&#xD;
                index: rowIndex,&#xD;
                row: $.extend({}, rows[rowIndex], fresh)&#xD;
            });&#xD;
        }&#xD;
        refreshUserInfoFooter();&#xD;
    }&#xD;
    function refreshUserInfoFooter() {&#xD;
        var rows = $('#tb_UserInfo').datagrid('getRows') || [];&#xD;
        var footer = {&#xD;
            FROZEN: 2,&#xD;
            NAME: '合计',&#xD;
            COINS: 0,&#xD;
            GAME_SCORE: 0,&#xD;
            COINS_BUY: 0,&#xD;
            COINS_BACK: 0,&#xD;
            TodayWinLoss: 0,&#xD;
            Profit: 0&#xD;
        };&#xD;
        for (var i = 0; i &lt; rows.length; i++) {&#xD;
            footer.COINS += Number(rows[i].COINS || 0);&#xD;
            footer.GAME_SCORE += Number(rows[i].GAME_SCORE || 0);&#xD;
            footer.COINS_BUY += Number(rows[i].COINS_BUY || 0);&#xD;
            footer.COINS_BACK += Number(rows[i].COINS_BACK || 0);&#xD;
            footer.TodayWinLoss += Number(rows[i].TodayWinLoss || 0);&#xD;
            footer.Profit += Number(rows[i].Profit || 0);&#xD;
        }&#xD;
        $('#tb_UserInfo').datagrid('reloadFooter', [footer]);&#xD;
    }&#xD;
    function refreshChangedUserRow(id, delay) {&#xD;
        if (!id) {&#xD;
            setTimeout(function () { refreshVisibleUserRows(); }, delay || 0);&#xD;
            return;&#xD;
        }&#xD;
        setTimeout(function () { refreshVisibleUserRowsByIds([id]); }, delay || 0);&#xD;
    }&#xD;
    function patchVisibleUserRow(id, patch) {&#xD;
        var grid = $('#tb_UserInfo');&#xD;
        if (!grid.data('datagrid') || !id || !patch) {&#xD;
            return;&#xD;
        }&#xD;
        var rowIndex = grid.datagrid('getRowIndex', id);&#xD;
        if (rowIndex &lt; 0) {&#xD;
            return;&#xD;
        }&#xD;
        grid.datagrid('updateRow', { index: rowIndex, row: patch });&#xD;
        refreshUserInfoFooter();&#xD;
    }&#xD;
    //绑定表格数据&#xD;
    function bindGridData(para) {&#xD;
        if (!$('body').data('grid-init')) {&#xD;
            $('#tb_UserInfo').datagrid({&#xD;
                url: "/Game/UserInfo/GetUsers",&#xD;
                queryParams: $.extend({}, para),&#xD;
                pagination: true,&#xD;
                fitColumns: true,&#xD;
                checkbox: true,&#xD;
                singleSelect: false,&#xD;
                striped: true,&#xD;
                rownumbers: true,&#xD;
                showFooter: true,&#xD;
                height: 768,&#xD;
                pageSize: 20,&#xD;
                pageList: [10, 20, 50],&#xD;
                idField: 'ID',&#xD;
                //sortName: 'INHALL',&#xD;
                //sortOrder: 'desc',&#xD;
                //remoteSort: false,&#xD;
                onBeforeLoad: setGridSize,&#xD;
                onLoadSuccess: function (data) {&#xD;
                    if (window.onLoaded) onLoaded(data);&#xD;
                    bindRowClickMenu();&#xD;
                }&#xD;
            });&#xD;
        } else {&#xD;
            $('#tb_UserInfo').datagrid('load', para);&#xD;
        }&#xD;
    }&#xD;
    //格式化&#xD;
        function fmtForzen(value, rowData, rowIndex) {&#xD;
            if (rowData.FROZEN != 2) {&#xD;
                if (value == 1)&#xD;
                    return '&lt;span class="red"&gt;是&lt;/span&gt;';&#xD;
                else&#xD;
                    return '&lt;span&gt;否&lt;/span&gt;';&#xD;
&#xD;
            } else {&#xD;
                return '';&#xD;
            }&#xD;
        }&#xD;
        function fmtOpt(value, rowData, rowIndex) {&#xD;
            if (!rowData || rowData.FROZEN == 2) {&#xD;
                return '';&#xD;
            }&#xD;
            var arr = [];&#xD;
            if (rowData.FROZEN != 2) {&#xD;
                @if (loginUser.UserPriv == 0 || loginUser.IsDelete == 1)&#xD;
                {&#xD;
                @Html.Raw("arr.push('&lt;a href=\"javascript:void(0)\" class=\"blue Lpd5\" onclick=\"deleteUser(\\\'' + rowData.ID + '\\\')\"&gt;删除&lt;/a&gt;');");&#xD;
                }&#xD;
                // arr.push('&lt;a href="javascript:void(0)" class="blue Lpd5" onclick="showGrade(\'' + rowData.ID + '\')"&gt;等级设置&lt;/a&gt;');&#xD;
                if (rowData.FROZEN == 1) {&#xD;
                  @if (loginUser.IsFrozen == 1) {&#xD;
                       @Html.Raw("arr.push('&lt;a href=\"javascript: void(0)\" class=\"blue Lpd5\" onclick=\"frozenUser(\\\'' + rowData.ID + '\\\',0)\"&gt;解冻&lt;/a&gt;'); ");&#xD;
                  }&#xD;
                }&#xD;
                else {&#xD;
                  @if (loginUser.IsFrozen == 1)&#xD;
                  {&#xD;
                       @Html.Raw("arr.push('&lt;a href=\"javascript: void(0)\" class=\"blue Lpd5\" onclick=\"frozenUser(\\\'' + rowData.ID + '\\\',1)\"&gt;冻结&lt;/a&gt;'); ");&#xD;
                  }&#xD;
                }&#xD;
                 @if (loginUser.UserPriv == 0 || loginUser.IsKill == 1 || loginUser.IsProbability == 1 || loginUser.IsRelease == 1)&#xD;
                 {&#xD;
                      @Html.Raw("arr.push('&lt;a href=\"javascript:void(0)\" class=\"blue Lpd5\" onclick=\"showTotalCtrlWin(\\\'' + rowData.ID + '\\\')\"&gt;控制&lt;/a&gt;');");&#xD;
                 }&#xD;
                @*鱼机控制已合并到「控制」按钮*@&#xD;
                @*牌机控制已合并到「控制」按钮*@&#xD;
                @*注机控制已合并到「控制」按钮*@&#xD;
                @if (loginUser.UserPriv == 0 || loginUser.IsKicking == 1)&#xD;
                 {&#xD;
                    @Html.Raw("if (canKickWholeLine || rowData.AGENCY == loginAgencyAccount) {");&#xD;
                      @Html.Raw("arr.push('&lt;a href=\"javascript:void(0)\" class=\"blue Lpd5\" onclick=\"kickPlayer(\\\'' + rowData.ID + '\\\')\"&gt;踢人&lt;/a&gt;');");&#xD;
                    @Html.Raw("}");&#xD;
                 }&#xD;
            }&#xD;
            @if (loginUser.UserPriv == 0 || loginUser.IsUpDown == 1)&#xD;
            {&#xD;
            @Html.Raw("arr.push('&lt;a href=\"javascript:void(0)\" class=\"blue Lpd5\" onclick=\"showReChange(\\\'' + rowData.ID + '\\\')\"&gt;充值&lt;/a&gt;');");&#xD;
            }&#xD;
            // arr.push('&lt;a href="javascript:void(0)" class="blue Lpd5" onclick="showGive(\'' + rowData.ID + '\')"&gt;赠送&lt;/a&gt;');&#xD;
            @if (loginUser.UserPriv == 0 || loginUser.IsUpDown == 1)&#xD;
            {&#xD;
            @Html.Raw("arr.push('&lt;a href=\"javascript:void(0)\" class=\"blue Lpd5\" onclick=\"showDeduct(\\\'' + rowData.ID + '\\\')\"&gt;扣币&lt;/a&gt;');");&#xD;
            }&#xD;
            @if (false)&#xD;
            {&#xD;
            @Html.Raw("arr.push('&lt;a href=\"javascript:void(0)\" class=\"blue Lpd5\" onclick=\"showChgSafePwdWin(\\\'' + rowData.ID + '\\\')\"&gt;修改保险柜密码&lt;/a&gt;');");&#xD;
            }&#xD;
            @if (loginUser.UserPriv == 0 || loginUser.IsModifyPwd == 1)&#xD;
            {&#xD;
            @Html.Raw("arr.push('&lt;a href=\"javascript:void(0)\" class=\"blue Lpd5\" onclick=\"showChgWin(\\\'' + rowData.ID + '\\\')\"&gt;修改密码&lt;/a&gt;');");&#xD;
            }&#xD;
            return arr.join('  ');&#xD;
        }&#xD;
        function fmtCoins(value, rowData, rowIndex) {&#xD;
            return top.goldFormat(value);&#xD;
        }&#xD;
        function fmtWinLoss(value, rowData, rowIndex) {&#xD;
            var num = Number(value || 0);&#xD;
            var color = num &gt; 0 ? '#3c9b5f' : (num &lt; 0 ? '#d9534f' : '#333');&#xD;
            return '&lt;span style="color:' + color + '"&gt;' + top.goldFormat(num) + '&lt;/span&gt;';&#xD;
        }&#xD;
        function showUserToast(message, type) {&#xD;
            var toast = $('#userInfoToast');&#xD;
            if (toast.length &lt; 1) {&#xD;
                toast = $('&lt;div id="userInfoToast"&gt;&lt;/div&gt;').appendTo('body');&#xD;
            }&#xD;
            var color = '#4b89dc';&#xD;
            if (type == 'success')&#xD;
                color = '#3c9b5f';&#xD;
            else if (type == 'danger' || type == 'error')&#xD;
                color = '#d9534f';&#xD;
            else if (type == 'warning')&#xD;
                color = '#f0ad4e';&#xD;
            toast.stop(true, true)&#xD;
                .text(message)&#xD;
                .css({&#xD;
                    position: 'fixed',&#xD;
                    top: '18px',&#xD;
                    left: '50%',&#xD;
                    transform: 'translateX(-50%)',&#xD;
                    zIndex: 99999,&#xD;
                    background: color,&#xD;
                    color: '#fff',&#xD;
                    padding: '10px 22px',&#xD;
                    borderRadius: '4px',&#xD;
                    boxShadow: '0 4px 12px rgba(0,0,0,.18)',&#xD;
                    fontSize: '14px',&#xD;
                    lineHeight: '20px',&#xD;
                    display: 'none'&#xD;
                })&#xD;
                .fadeIn(120)&#xD;
                .delay(5000)&#xD;
                .fadeOut(180);&#xD;
        }&#xD;
        function showUserResult(data, dangerOnSuccess) {&#xD;
            if (!data)&#xD;
                return;&#xD;
            if (data.code == -1) {&#xD;
                loginTimeoutCallback(data);&#xD;
                return;&#xD;
            }&#xD;
            var message = data.msg ? data.msg : data.content;&#xD;
            var type = data.code &lt; 1 ? 'danger' : (dangerOnSuccess ? 'danger' : 'success');&#xD;
            showUserToast(message, type);&#xD;
        }&#xD;
        function frozenUser(id, flag) {&#xD;
            confirm('确认' + (flag == 0 ? '解冻' : '冻结') + '选定的用户？', function () {&#xD;
                request('/Game/UserInfo/FrozenUser', { ID: id, frozen: flag }, function (data) {&#xD;
                    //提示消息&#xD;
                    showUserResult(data);&#xD;
                    if (data &amp;&amp; data.code == 1) {&#xD;
                        patchVisibleUserRow(id, { FROZEN: flag });&#xD;
                        refreshChangedUserRow(id, 300);&#xD;
                    }&#xD;
                });&#xD;
            });&#xD;
        }&#xD;
        function deleteUser(id) {&#xD;
             @Html.Raw(@"        confirm('确认删除所选用户？', function () {&#xD;
                request('/Game/UserInfo/DelUser', { ID: id }, function (data) {&#xD;
                    //提示消息&#xD;
                    showUserResult(data, data &amp;&amp; data.code == 1);&#xD;
                    if (data &amp;&amp; data.code == 1) {&#xD;
                        queryData();//重新加载数据&#xD;
                    }&#xD;
                });&#xD;
            });");&#xD;
        }&#xD;
&#xD;
        function showChgWin(uid) {&#xD;
            var para = {&#xD;
                winId: '#chgWin',&#xD;
                title: '【修改密码】',&#xD;
                iconCls: 'icon-user-edit',&#xD;
                callBack: function () {&#xD;
                    $('#txtE_UID').textbox('setValue', uid);&#xD;
                    $('#hfUID').val(uid);&#xD;
                }&#xD;
            };&#xD;
            openWin(para);&#xD;
        }&#xD;
        function showChgSafePwdWin(uid) {&#xD;
            var para = {&#xD;
                winId: '#chgSafePwdWin',&#xD;
                title: '【修改保险柜密码】',&#xD;
                iconCls: 'icon-user-edit',&#xD;
                callBack: function () {&#xD;
                    $('#txtE_SAFE_UID').textbox('setValue', uid);&#xD;
                    $('#hfSafeUID').val(uid);&#xD;
                }&#xD;
            };&#xD;
            openWin(para);&#xD;
        }&#xD;
        function showGrade(uid) {&#xD;
            var para = {&#xD;
                winId: '#chgGrade',&#xD;
                title: '【等级设置】',&#xD;
                iconCls: 'icon-user-edit',&#xD;
                callBack: function () {&#xD;
                    $('#txtE_UID2').textbox('setValue', uid);&#xD;
                    $('#hfUID2').val(uid);&#xD;
                }&#xD;
            };&#xD;
            openWin(para);&#xD;
        }&#xD;
&#xD;
        function showReChange(uid) {&#xD;
            var para = {&#xD;
                winId: '#chgReChange',&#xD;
                title: '【用户充值】',&#xD;
                iconCls: 'icon-user-edit',&#xD;
                callBack: function () {&#xD;
                    $('#txtE_UID3').textbox('setValue', uid);&#xD;
                    $('#hfUID3').val(uid);&#xD;
                    resetPlayerCoins('#txtCurrentCoins_Recharge', '#btnSaveReChange');&#xD;
                    QueryPlayerCoins('#hfUID3', '#txtCurrentCoins_Recharge', '#btnSaveReChange');&#xD;
                }&#xD;
            };&#xD;
            openWin(para);&#xD;
        }&#xD;
&#xD;
&#xD;
        function showGive(uid) {&#xD;
            var para = {&#xD;
                winId: '#chgGive',&#xD;
                title: '【用户赠送】',&#xD;
                iconCls: 'icon-user-edit',&#xD;
                callBack: function () {&#xD;
                    $('#txtE_UID4').textbox('setValue', uid);&#xD;
                    $('#hfUID4').val(uid);&#xD;
                }&#xD;
            };&#xD;
            openWin(para);&#xD;
        }&#xD;
&#xD;
        function showDeduct(uid) {&#xD;
            var para = {&#xD;
                winId: '#chgDeduct',&#xD;
                title: '【用户扣币】',&#xD;
                iconCls: 'icon-user-edit',&#xD;
                callBack: function () {&#xD;
                    $('#txtE_UID5').textbox('setValue', uid);&#xD;
                    $('#hfUID5').val(uid);&#xD;
                    resetPlayerCoins('#txtCurrentCoins_Deduct', '#btnSaveDeduct');&#xD;
                    QueryPlayerCoins('#hfUID5', '#txtCurrentCoins_Deduct', '#btnSaveDeduct');&#xD;
                }&#xD;
            };&#xD;
            openWin(para);&#xD;
        }&#xD;
&#xD;
        function SaveUserPwd() {&#xD;
            var para = $('#form2').serializeObject();&#xD;
            request('/Game/UserInfo/ChgPwd', para, function (data) {&#xD;
                //提示消息&#xD;
                showUserResult(data);&#xD;
                if (data &amp;&amp; data.code == 1) {&#xD;
                    $('#chgWin').dialog('close');&#xD;
                    $('#form2').form('reset');&#xD;
                    refreshChangedUserRow(para.ID, 300);&#xD;
                }&#xD;
            });&#xD;
        }&#xD;
        function SaveUserSafePwd() {&#xD;
            var para = $('#formSafePwd').serializeObject();&#xD;
            request('/Game/UserInfo/ChgSafePwd', para, function (data) {&#xD;
                showUserResult(data);&#xD;
                if (data &amp;&amp; data.code == 1) {&#xD;
                    $('#chgSafePwdWin').dialog('close');&#xD;
                    $('#formSafePwd').form('reset');&#xD;
                    refreshChangedUserRow(para.ID, 300);&#xD;
                }&#xD;
            });&#xD;
        }&#xD;
&#xD;
        function SaveGrade() {&#xD;
            var para = $('#form7').serializeObject();&#xD;
            request('/Game/UserInfo/ChgGrade', para, function (data) {&#xD;
                //提示消息&#xD;
                showUserResult(data);&#xD;
                if (data &amp;&amp; data.code == 1) {&#xD;
                    $('#chgGrade').dialog('close');&#xD;
                    $('#form7').form('reset');&#xD;
                    refreshChangedUserRow(para.ID2, 300);&#xD;
                }&#xD;
            });&#xD;
        }&#xD;
&#xD;
        function SaveReChange() {&#xD;
            var para = $('#form8').serializeObject();&#xD;
            request('/Game/UserInfo/SaveReChange', para, function (data) {&#xD;
                //提示消息&#xD;
                showUserResult(data);&#xD;
                if (data &amp;&amp; data.code == 1) {&#xD;
                    $('#chgReChange').dialog('close');&#xD;
                    $('#form8').form('reset');&#xD;
                    refreshChangedUserRow(para.ID3, 500);&#xD;
                }&#xD;
            });&#xD;
        }&#xD;
        function resetPlayerCoins(tipId, btnId) {&#xD;
            $(tipId).text('--');&#xD;
            $(btnId).linkbutton('disable');&#xD;
        }&#xD;
        function bindUserRechargeCoinTriggers() {&#xD;
            var queryRechargeByEnter = function (e) {&#xD;
                if (e.which == 13) {&#xD;
                    e.preventDefault();&#xD;
                    QueryPlayerCoins('#hfUID3', '#txtCurrentCoins_Recharge', '#btnSaveReChange');&#xD;
                }&#xD;
            };&#xD;
            var queryDeductByEnter = function (e) {&#xD;
                if (e.which == 13) {&#xD;
                    e.preventDefault();&#xD;
                    QueryPlayerCoins('#hfUID5', '#txtCurrentCoins_Deduct', '#btnSaveDeduct');&#xD;
                }&#xD;
            };&#xD;
            $('#txtE_UID3').textbox();&#xD;
            $('#txtE_UID3').textbox('textbox')&#xD;
                .on('blur', function () { QueryPlayerCoins('#hfUID3', '#txtCurrentCoins_Recharge', '#btnSaveReChange'); })&#xD;
                .on('keydown', queryRechargeByEnter);&#xD;
            $('#txtE_UID5').textbox();&#xD;
            $('#txtE_UID5').textbox('textbox')&#xD;
                .on('blur', function () { QueryPlayerCoins('#hfUID5', '#txtCurrentCoins_Deduct', '#btnSaveDeduct'); })&#xD;
                .on('keydown', queryDeductByEnter);&#xD;
        }&#xD;
        function QueryPlayerCoins(hiddenId, tipId, btnId) {&#xD;
            var id = $(hiddenId).val();&#xD;
            request('/Game/UserInfo/QueryPlayerCoins', { ID: id }, function (data) {&#xD;
                if (data &amp;&amp; data.code == 1) {&#xD;
                    $(tipId).text(top.goldFormat(data.datas.displayCoins || data.datas.coins || 0));&#xD;
                    $(btnId).linkbutton('enable');&#xD;
                } else {&#xD;
                    showUserResult(data);&#xD;
                }&#xD;
            });&#xD;
        }&#xD;
&#xD;
        function SaveGive() {&#xD;
            var para = $('#form9').serializeObject();&#xD;
            request('/Game/UserInfo/SaveGive', para, function (data) {&#xD;
                //提示消息&#xD;
                showUserResult(data);&#xD;
                if (data &amp;&amp; data.code == 1) {&#xD;
                    $('#chgGive').dialog('close');&#xD;
                    $('#form9').form('reset');&#xD;
                    refreshChangedUserRow(para.ID4, 500);&#xD;
                }&#xD;
            });&#xD;
        }&#xD;
&#xD;
        function SaveDeduct() {&#xD;
            var para = $('#form10').serializeObject();&#xD;
            request('/Game/UserInfo/SaveDeduct', para, function (data) {&#xD;
                //提示消息&#xD;
                showUserResult(data);&#xD;
                if (data &amp;&amp; data.code == 1) {&#xD;
                    $('#chgDeduct').dialog('close');&#xD;
                    $('#form10').form('reset');&#xD;
                    refreshChangedUserRow(para.ID5, 500);&#xD;
                }&#xD;
            });&#xD;
        }&#xD;
&#xD;
        function loadGoldLimit(uid, inputId) {&#xD;
            $('#' + inputId).numberbox('setValue', 0);&#xD;
            if (!uid) return;&#xD;
            $.post('/Game/UserInfo/GetUserGoldLimit', { ID: uid }, function (data) {&#xD;
                if (data &amp;&amp; data.code == 1 &amp;&amp; data.content) {&#xD;
                    $('#' + inputId).numberbox('setValue', parseInt(data.content) || 0);&#xD;
                }&#xD;
            });&#xD;
        }&#xD;
        function showRateCtrlWin(uid) {&#xD;
            var para = {&#xD;
                winId: '#chgRateWin',&#xD;
                title: '【鱼机控制】',&#xD;
                iconCls: 'icon-chart_curve',&#xD;
                callBack: function () {&#xD;
                    $('#txtE_ID').textbox('setValue', uid);&#xD;
                    $('#hfID').val(uid);&#xD;
                    $('#selE_Action1').combobox('loadData', actionSelData());&#xD;
                    $('#selE_Val1').combobox('loadData', getComboValKill());&#xD;
                    loadGoldLimit(uid, 'numGoldLimit1');&#xD;
                }&#xD;
            };&#xD;
            openWin(para);&#xD;
        }&#xD;
        function showRateCtrlWinPAIJI(uid) {&#xD;
            var para = {&#xD;
                winId: '#chgRateWinPAIJI',&#xD;
                title: '【牌机控制】',&#xD;
                iconCls: 'icon-chart_curve',&#xD;
                callBack: function () {&#xD;
                    $('#txtE_ID1').textbox('setValue', uid);&#xD;
                    $('#hfID1').val(uid);&#xD;
                    $('#selE_Mode').combobox({&#xD;
                        onChange: function(n) {&#xD;
                            if (n == 1) { $('.trPaiJiCtrl').show(); $('.trPaiJiKill').hide(); $('#hfPaiJiMode').val(0); }&#xD;
                            else { $('.trPaiJiCtrl').hide(); $('.trPaiJiKill').show(); $('#hfPaiJiMode').val(1); }&#xD;
                        }&#xD;
                    });&#xD;
                    $('#selE_Mode').combobox('loadData', [{id:1,text:'控牌',selected:true},{id:2,text:'点杀'}]);&#xD;
                    $('#selE_KillVal').combobox('loadData', getComboValKill());&#xD;
                    $('#hfPaiJiMode').val(0);&#xD;
                    $('#selE_Action').combobox('loadData', actionSelDataPAIJI());&#xD;
                    loadGoldLimit(uid, 'numGoldLimit3');&#xD;
                    loadUserCtrlConfigs(uid, function(data) {&#xD;
                        if (data &amp;&amp; data.length &gt; 0) {&#xD;
                            var row = data[0];&#xD;
                            if (row.CtrlType == 5 || row.CtrlType == 7 || row.CtrlType == 12 || row.CtrlType == 13 || row.CtrlType == 14) {&#xD;
                                $('#selE_Action').combobox('setValue', row.CtrlType);&#xD;
                                $('#selE_Type').combobox('setValue', row.CtrlValue);&#xD;
                                $('#selE_Number').combobox('setValue', row.Number);&#xD;
                                $('#selE_Val').combobox('setValue', row.TotalNumber);&#xD;
                            }&#xD;
                        }&#xD;
                    });&#xD;
                }&#xD;
            };&#xD;
            openWin(para);&#xD;
        }&#xD;
        function showRateCtrlWinLaba(uid) {&#xD;
            var para = {&#xD;
                winId: '#chgRateWinLaba',&#xD;
                title: '【拉霸控制】',&#xD;
                iconCls: 'icon-chart_curve',&#xD;
                callBack: function () {&#xD;
                    $('#txtE_ID_Laba').textbox('setValue', uid);&#xD;
                    $('#hfID_Laba').val(uid);&#xD;
                    $('#selE_Action_Laba').combobox({ onChange: bindLabaAction });&#xD;
                    $('#selE_Action_Laba').combobox('loadData', actionSelDataLaba());&#xD;
                    $('#selE_Symbol_Laba').combobox('loadData', valSelDataShz());&#xD;
                    $('#selE_Number_Laba').combobox('loadData', valSelData());&#xD;
                    $('#selE_Total_Laba').combobox('loadData', valSelDataPAIJI1());&#xD;
                    $('#selE_ModeLaba').combobox({&#xD;
                        onChange: function(n) {&#xD;
                            if (n == 1) { $('.trLabaCtrl').show(); $('.trLabaKill').hide(); $('#hfLabaMode').val(0); }&#xD;
                            else { $('.trLabaCtrl').hide(); $('.trLabaKill').show(); $('#hfLabaMode').val(1); }&#xD;
                        }&#xD;
                    });&#xD;
                    $('#selE_ModeLaba').combobox('loadData', [{id:1,text:'控牌',selected:true},{id:2,text:'点杀'}]);&#xD;
                    $('#selE_Val_Laba').combobox('loadData', getComboValKill());&#xD;
                    $('#hfLabaMode').val(0);&#xD;
                    loadGoldLimit(uid, 'numGoldLimitLaba');&#xD;
                    loadUserCtrlConfigs(uid, function(data) {&#xD;
                        if (data &amp;&amp; data.length &gt; 0) {&#xD;
                            var row = data[0];&#xD;
                            if (row.CtrlType &gt;= 15 &amp;&amp; row.CtrlType &lt;= 17) {&#xD;
                                $('#selE_Action_Laba').combobox('setValue', row.CtrlType);&#xD;
                                $('#selE_Symbol_Laba').combobox('setValue', row.CtrlValue);&#xD;
                                $('#selE_Number_Laba').combobox('setValue', row.Number);&#xD;
                                $('#selE_Total_Laba').combobox('setValue', row.TotalNumber);&#xD;
                                bindLabaAction(row.CtrlType);&#xD;
                            }&#xD;
                        }&#xD;
                    });&#xD;
                }&#xD;
            };&#xD;
            openWin(para);&#xD;
        }&#xD;
        function loadUserCtrlConfigs(uid, callback) {&#xD;
            if (!uid) { callback([]); return; }&#xD;
            $.post('/Game/UserInfo/GetUserCtrlConfigs', { ID: uid }, function(data) {&#xD;
                if (data &amp;&amp; data.code == 1 &amp;&amp; data.datas) { callback(data.datas); }&#xD;
                else { callback([]); }&#xD;
            });&#xD;
        }&#xD;
&#xD;
        @*合并控制按钮选择窗口*@&#xD;
        function showCtrlSelect(uid) {&#xD;
            var para = {&#xD;
                winId: '#chgCtrlSelect',&#xD;
                title: '【控制】',&#xD;
                iconCls: 'icon-chart_curve',&#xD;
                width: 280,&#xD;
                height: 260,&#xD;
                callBack: function () {&#xD;
                    $('#chgCtrlSelect').data('uid', uid);&#xD;
                    var canFish = @Html.Raw((loginUser.UserPriv == 0 || loginUser.IsKill == 1 || loginUser.IsProbability == 1) ? "true" : "false");&#xD;
                    var canPaiJi = @Html.Raw((loginUser.UserPriv == 0 || loginUser.IsRelease == 1) ? "true" : "false");&#xD;
                    if (canFish) $('#btnFishCtrl').show(); else $('#btnFishCtrl').hide();&#xD;
                    if (canPaiJi) $('#btnPaiJiCtrl').show(); else $('#btnPaiJiCtrl').hide();&#xD;
                    @*拉霸控制已收编进总控（吃分/控牌），不再单独显示入口*@&#xD;
                    var canTotal = @Html.Raw((loginUser.UserPriv == 0 || loginUser.IsKill == 1 || loginUser.IsProbability == 1 || loginUser.IsRelease == 1) ? "true" : "false");&#xD;
                    if (canTotal) $('#btnTotalCtrl').show(); else $('#btnTotalCtrl').hide();&#xD;
                }&#xD;
            };&#xD;
            openWin(para);&#xD;
        }&#xD;
        function subCtrlClick(type) {&#xD;
            var uid = $('#chgCtrlSelect').data('uid');&#xD;
            $('#chgCtrlSelect').dialog('close');&#xD;
            if (type == 'fish') showRateCtrlWin(uid);&#xD;
            else if (type == 'paiji') showRateCtrlWinPAIJI(uid);&#xD;
            else if (type == 'laba') showRateCtrlWinLaba(uid);&#xD;
            else if (type == 'total') showTotalCtrlWin(uid);&#xD;
        }&#xD;
&#xD;
        @*总控（总点杀/总放水/总控牌），达到金币阈值后自动失效并恢复桌台参数难度*@&#xD;
        function totalModeData() {&#xD;
            var items = [];&#xD;
            @if (loginUser.UserPriv == 0 || loginUser.IsKill == 1)&#xD;
            {&#xD;
                @Html.Raw("items.push({ id: 4, text: '吃分' });");&#xD;
            }&#xD;
            @if (loginUser.UserPriv == 0 || loginUser.IsProbability == 1)&#xD;
            {&#xD;
                @Html.Raw("items.push({ id: 5, text: '放水' });");&#xD;
            }&#xD;
            @if (loginUser.UserPriv == 0 || loginUser.IsRelease == 1)&#xD;
            {&#xD;
                @Html.Raw("items.push({ id: 6, text: '控牌' });");&#xD;
            }&#xD;
            if (items.length &gt; 0) items[0].selected = true;&#xD;
            return items;&#xD;
        }&#xD;
        function totalCardActionData() {&#xD;
            return [&#xD;
                { id: 5, text: '大字版控制', selected: true },&#xD;
                { id: 7, text: 'ATT3控制' },&#xD;
                { id: 12, text: '金皇冠' },&#xD;
                { id: 13, text: 'NBA' },&#xD;
                { id: 14, text: '火凤凰' },&#xD;
                { id: 15, text: '水浒传' },&#xD;
                { id: 16, text: '明星97' },&#xD;
                { id: 17, text: '水果拉霸' }&#xD;
            ];&#xD;
        }&#xD;
        function totalModeName(m) {&#xD;
            m = parseInt(m);&#xD;
            return m == 4 ? '吃分' : (m == 5 ? '放水' : (m == 6 ? '控牌' : ''));&#xD;
        }&#xD;
        function bindTotalMode(n) {&#xD;
            n = parseInt(n);&#xD;
            if (n == 6) {&#xD;
                $('.trTotalStrength').hide();&#xD;
                $('.trTotalCard').show();&#xD;
                // 控牌按次数控制，不需要金币阈值&#xD;
                $('.trTotalGold').hide();&#xD;
                $('#numGold_Total').numberbox('setValue', 0);&#xD;
            } else {&#xD;
                $('.trTotalCard').hide();&#xD;
                $('.trTotalStrength').show();&#xD;
                // 吃分/放分需要金币阈值&#xD;
                $('.trTotalGold').show();&#xD;
                if (n == 5) $('#selE_Strength_Total').combobox('loadData', getComboValPut_Total());&#xD;
                else $('#selE_Strength_Total').combobox('loadData', getComboValKill_Total());&#xD;
            }&#xD;
        }&#xD;
        function bindTotalCardAction(newValue, oldValue) {&#xD;
            var n = parseInt(newValue);&#xD;
            if (n == 5 || n == 7 || n == 12 || n == 13 || n == 14) {&#xD;
                // 牌机型：按所选游戏动态生成0-12牌型+关闭(99)，倍率与台机设定一致&#xD;
                $('#selE_Type_Total').combobox('loadData', valSelDataPAIJI(n));&#xD;
            } else if (n == 15) $('#selE_Type_Total').combobox('loadData', valSelDataShz());&#xD;
            else if (n == 16) $('#selE_Type_Total').combobox('loadData', valSelDataMx97());&#xD;
            else if (n == 17) $('#selE_Type_Total').combobox('loadData', valSelDataFruit());&#xD;
        }&#xD;
        function showTotalCtrlWin(uid) {&#xD;
            var para = {&#xD;
                winId: '#chgTotalCtrlWin',&#xD;
                title: '【总控】',&#xD;
                iconCls: 'icon-chart_curve',&#xD;
                width: 430,&#xD;
                height: 460,&#xD;
                callBack: function () {&#xD;
                    $('#txtE_ID_Total').textbox('setValue', uid);&#xD;
                    $('#hfID_Total').val(uid);&#xD;
                    $('#selE_Action_Total').combobox({ onChange: bindTotalCardAction });&#xD;
                    $('#selE_Action_Total').combobox('loadData', totalCardActionData());&#xD;
                    // loadData 默认选中第一项(id=5)但不会触发 onChange，需显式初始化控制牌类型下拉，&#xD;
                    // 否则 #selE_Type_Total 为空，提交时 CardValue="" 被解析为 0(杂牌)，导致送牌型失败。&#xD;
                    bindTotalCardAction($('#selE_Action_Total').combobox('getValue'));&#xD;
                    $('#selE_Number_Total').combobox('loadData', valSelData());&#xD;
                    $('#selE_Total_Total').combobox('loadData', valSelDataPAIJI1());&#xD;
                    // 次数/总次数默认值：次数=1，总次数=五把之内(id5)。loadData 未必自动选中首项，故显式指定。&#xD;
                    $('#selE_Number_Total').combobox('setValue', 1);&#xD;
                    $('#selE_Total_Total').combobox('setValue', 5);&#xD;
                    $('#selE_Strength_Total').combobox('loadData', getComboValKill_Total());&#xD;
                    $('#numGold_Total').numberbox('setValue', 0);&#xD;
                    $('#selE_Mode_Total').combobox({ onChange: bindTotalMode });&#xD;
                    $('#selE_Mode_Total').combobox('loadData', totalModeData());&#xD;
                    bindTotalMode($('#selE_Mode_Total').combobox('getValue'));&#xD;
                    loadTotalCtrlStatus(uid);&#xD;
                }&#xD;
            };&#xD;
            openWin(para);&#xD;
        }&#xD;
        function loadTotalCtrlStatus(uid) {&#xD;
            $('#divTotalStatus').html('加载中...');&#xD;
            request('/Game/UserInfo/GetTotalControlStatus', { ID: uid }, function (data) {&#xD;
                if (!data || data.code != 1 || !data.datas || data.datas.length == 0) {&#xD;
                    $('#divTotalStatus').html('&lt;span style="color:#999;"&gt;当前无执行中的总控&lt;/span&gt;');&#xD;
                    return;&#xD;
                }&#xD;
                var html = '';&#xD;
                for (var i = 0; i &lt; data.datas.length; i++) {&#xD;
                    var r = data.datas[i];&#xD;
                    if (r.ControlMode == 6) {&#xD;
                        // 控牌：显示控牌值 + 次数/总次数（牌机消耗后未回写，此处为下发时的配置值）&#xD;
                        html += '&lt;div style="margin:2px 0;"&gt;'&#xD;
                            + totalModeName(r.ControlMode)&#xD;
                            + '（控牌值 ' + labaTypeName(r.GameId, r.LimitCoins) + '）'&#xD;
                            + ' 次数 ' + r.CardNumber + '/' + r.CardTotal&#xD;
                            + '&lt;/div&gt;';&#xD;
                    } else {&#xD;
                        var isRelease = (r.ControlMode == 5);&#xD;
                        var progress = isRelease ? r.GrantedCoins : r.ConsumedCoins;&#xD;
                        html += '&lt;div style="margin:2px 0;"&gt;'&#xD;
                            + totalModeName(r.ControlMode)&#xD;
                            + '（强度 ' + r.LimitCoins + '）'&#xD;
                            + ' 阈值 ' + r.TargetCoins&#xD;
                            + ' 已' + (isRelease ? '放' : '吃') + '分 ' + progress&#xD;
                            + '&lt;/div&gt;';&#xD;
                    }&#xD;
                }&#xD;
                $('#divTotalStatus').html(html);&#xD;
            });&#xD;
        }&#xD;
        function SaveTotalCtrl() {&#xD;
            var uid = $('#hfID_Total').val();&#xD;
            var mode = parseInt($('#selE_Mode_Total').combobox('getValue'));&#xD;
            var para = { ID: uid, Mode: mode };&#xD;
            if (mode == 6) {&#xD;
                // 控牌按次数控制，不需要金币阈值&#xD;
                para.GoldThreshold = 0;&#xD;
                para.CardAction = $('#selE_Action_Total').combobox('getValue');&#xD;
                para.CardValue = $('#selE_Type_Total').combobox('getValue');&#xD;
                para.CardNumber = $('#selE_Number_Total').combobox('getValue');&#xD;
                para.CardTotal = $('#selE_Total_Total').combobox('getValue');&#xD;
            } else {&#xD;
                // 吃分/放分需要金币阈值&#xD;
                var gold = $('#numGold_Total').numberbox('getValue');&#xD;
                if (!gold || parseInt(gold) &lt;= 0) {&#xD;
                    showUserToast('请填写大于 0 的目标！', 'danger');&#xD;
                    return;&#xD;
                }&#xD;
                para.GoldThreshold = gold;&#xD;
                para.Strength = $('#selE_Strength_Total').combobox('getValue');&#xD;
            }&#xD;
            request('/Game/UserInfo/ApplyTotalControl', para, function (data) {&#xD;
                showUserResult(data);&#xD;
                if (data &amp;&amp; data.code == 1) {&#xD;
                    loadTotalCtrlStatus(uid);&#xD;
                    refreshChangedUserRow(uid, 500);&#xD;
                }&#xD;
            });&#xD;
        }&#xD;
        function CloseTotalCtrl() {&#xD;
            var uid = $('#hfID_Total').val();&#xD;
            var mode = parseInt($('#selE_Mode_Total').combobox('getValue'));&#xD;
            @Html.Raw(@"confirm('确认关闭该玩家的' + totalModeName(mode) + '？', function () {&#xD;
                request('/Game/UserInfo/CloseTotalControl', { ID: uid, Mode: mode }, function (data) {&#xD;
                    showUserResult(data);&#xD;
                    if (data &amp;&amp; data.code == 1) {&#xD;
                        loadTotalCtrlStatus(uid);&#xD;
                        refreshChangedUserRow(uid, 500);&#xD;
                    }&#xD;
                });&#xD;
            });")&#xD;
        }&#xD;
        function actionSelData() {&#xD;
            var items = [];&#xD;
            @if (loginUser.UserPriv == 0 || loginUser.IsKill == 1)&#xD;
            {&#xD;
                @Html.Raw("items.push({ id: 1, text: '鱼机点杀' });");&#xD;
            }&#xD;
            @if (loginUser.UserPriv == 0 || loginUser.IsProbability == 1)&#xD;
            {&#xD;
                @Html.Raw("items.push({ id: 2, text: '鱼机放水' });");&#xD;
            }&#xD;
            if (items.length &gt; 0) items[0].selected = true;&#xD;
            return items;&#xD;
        }&#xD;
&#xD;
        function actionSelDataLaba() {&#xD;
            return [&#xD;
                { id: 15, text: '水浒传控牌', selected: true },&#xD;
                { id: 16, text: '明星97控牌' },&#xD;
                { id: 17, text: '水果拉霸控牌' }&#xD;
            ];&#xD;
        }&#xD;
&#xD;
        function bindLabaAction(newValue, oldValue) {&#xD;
            if (newValue == 15) $('#selE_Symbol_Laba').combobox('loadData', valSelDataShz());&#xD;
            else if (newValue == 16) $('#selE_Symbol_Laba').combobox('loadData', valSelDataMx97());&#xD;
            else if (newValue == 17) $('#selE_Symbol_Laba').combobox('loadData', valSelDataFruit());&#xD;
        }&#xD;
&#xD;
        function valSelDataLaba() {&#xD;
            return valSelDataShz();&#xD;
        }&#xD;
        function valSelDataShz() {&#xD;
            @*水浒传控牌=按结果类 code 强制（与游戏配置页奖励结果设置/服务端 ShzRtp::ComboToClass 一致）：&#xD;
               400-407三连 410-417四连 420-427五连 430-432纯万能线 440-448全屏 450/451全屏混合；10=关闭。&#xD;
               控牌值兼容旧值 0-7（中间行五连符号）*@&#xD;
            var arr = [];&#xD;
            arr.push({ id: 400, text: '三连·忠义堂(50倍)' });&#xD;
            arr.push({ id: 401, text: '三连·替天行道(20倍)' });&#xD;
            arr.push({ id: 402, text: '三连·宋江(15倍)' });&#xD;
            arr.push({ id: 403, text: '三连·林冲(10倍)' });&#xD;
            arr.push({ id: 404, text: '三连·鲁智深(7倍)' });&#xD;
            arr.push({ id: 405, text: '三连·刀(5倍)' });&#xD;
            arr.push({ id: 406, text: '三连·枪(3倍)' });&#xD;
            arr.push({ id: 407, text: '三连·斧(2倍)' });&#xD;
            arr.push({ id: 410, text: '四连·忠义堂(200倍)' });&#xD;
            arr.push({ id: 411, text: '四连·替天行道(80倍)' });&#xD;
            arr.push({ id: 412, text: '四连·宋江(40倍)' });&#xD;
            arr.push({ id: 413, text: '四连·林冲(30倍)' });&#xD;
            arr.push({ id: 414, text: '四连·鲁智深(20倍)' });&#xD;
            arr.push({ id: 415, text: '四连·刀(15倍)' });&#xD;
            arr.push({ id: 416, text: '四连·枪(10倍)' });&#xD;
            arr.push({ id: 417, text: '四连·斧(5倍)' });&#xD;
            arr.push({ id: 420, text: '五连·忠义堂(1000倍)' });&#xD;
            arr.push({ id: 421, text: '五连·替天行道(400倍)' });&#xD;
            arr.push({ id: 422, text: '五连·宋江(200倍)' });&#xD;
            arr.push({ id: 423, text: '五连·林冲(160倍)' });&#xD;
            arr.push({ id: 424, text: '五连·鲁智深(100倍)' });&#xD;
            arr.push({ id: 425, text: '五连·刀(60倍)' });&#xD;
            arr.push({ id: 426, text: '五连·枪(40倍)' });&#xD;
            arr.push({ id: 427, text: '五连·斧(20倍)' });&#xD;
            arr.push({ id: 430, text: '纯万能线·3连(按忠义堂50倍)' });&#xD;
            arr.push({ id: 431, text: '纯万能线·4连(按忠义堂200倍)' });&#xD;
            arr.push({ id: 432, text: '纯万能线·5连(按忠义堂1000倍)' });&#xD;
            arr.push({ id: 440, text: '全屏·水浒传(万能5000倍)' });&#xD;
            arr.push({ id: 441, text: '全屏·忠义堂(2500倍)' });&#xD;
            arr.push({ id: 442, text: '全屏·替天行道(1000倍)' });&#xD;
            arr.push({ id: 443, text: '全屏·宋江(500倍)' });&#xD;
            arr.push({ id: 444, text: '全屏·林冲(400倍)' });&#xD;
            arr.push({ id: 445, text: '全屏·鲁智深(250倍)' });&#xD;
            arr.push({ id: 446, text: '全屏·刀(150倍)' });&#xD;
            arr.push({ id: 447, text: '全屏·枪(100倍)' });&#xD;
            arr.push({ id: 448, text: '全屏·斧(50倍)' });&#xD;
            arr.push({ id: 450, text: '全屏·纯人物混合(50倍)' });&#xD;
            arr.push({ id: 451, text: '全屏·纯武器混合(15倍)' });&#xD;
            arr.push({ id: 10, text: '关闭控制' });&#xD;
            return arr;&#xD;
        }&#xD;
        function valSelDataMx97() {&#xD;
            @*明星97控牌=按结果类 code 强制（与游戏配置页奖励结果设置/服务端 Mx97Rtp::ComboToClass 一致）：&#xD;
               300-308纯色三连 310 ANY BAR 311/312樱桃2/1连 322-329 Scatter 330全水果 340-347全屏 350全屏BAR；10=关闭。&#xD;
               控牌值兼容旧值 0-8（单线三连符号）*@&#xD;
            var arr = [];&#xD;
            arr.push({ id: 300, text: '纯色三连·樱桃(10倍)' });&#xD;
            arr.push({ id: 301, text: '纯色三连·橘子(10倍)' });&#xD;
            arr.push({ id: 302, text: '纯色三连·蓝莓(14倍)' });&#xD;
            arr.push({ id: 303, text: '纯色三连·铃铛(18倍)' });&#xD;
            arr.push({ id: 304, text: '纯色三连·西瓜(20倍)' });&#xD;
            arr.push({ id: 305, text: '纯色三连·黄BAR(30倍)' });&#xD;
            arr.push({ id: 306, text: '纯色三连·红BAR(50倍)' });&#xD;
            arr.push({ id: 307, text: '纯色三连·蓝BAR(70倍)' });&#xD;
            arr.push({ id: 308, text: '纯色三连·七(80倍+)' });&#xD;
            arr.push({ id: 310, text: 'ANY BAR(10倍)' });&#xD;
            arr.push({ id: 311, text: '樱桃2连(5倍)' });&#xD;
            arr.push({ id: 312, text: '樱桃1连(2倍)' });&#xD;
            arr.push({ id: 322, text: 'Scatter 全盘2个七(2倍)' });&#xD;
            arr.push({ id: 323, text: 'Scatter 全盘3个七(5倍)' });&#xD;
            arr.push({ id: 324, text: 'Scatter 全盘4个七(20倍)' });&#xD;
            arr.push({ id: 325, text: 'Scatter 全盘5个七(40倍)' });&#xD;
            arr.push({ id: 326, text: 'Scatter 全盘6个七(60倍)' });&#xD;
            arr.push({ id: 327, text: 'Scatter 全盘7个七(80倍)' });&#xD;
            arr.push({ id: 328, text: 'Scatter 全盘8个七(100倍)' });&#xD;
            arr.push({ id: 329, text: 'Scatter 全盘9个七(200倍)' });&#xD;
            arr.push({ id: 330, text: '全水果(15倍)' });&#xD;
            arr.push({ id: 340, text: '全屏·樱桃(80倍)' });&#xD;
            arr.push({ id: 341, text: '全屏·橘子(40倍)' });&#xD;
            arr.push({ id: 342, text: '全屏·蓝莓(40倍)' });&#xD;
            arr.push({ id: 343, text: '全屏·铃铛(40倍)' });&#xD;
            arr.push({ id: 344, text: '全屏·西瓜(60倍)' });&#xD;
            arr.push({ id: 345, text: '全屏·黄BAR(60倍)' });&#xD;
            arr.push({ id: 346, text: '全屏·红BAR(90倍)' });&#xD;
            arr.push({ id: 347, text: '全屏·蓝BAR(100倍)' });&#xD;
            arr.push({ id: 350, text: '全屏 ANY BAR(40倍)' });&#xD;
            arr.push({ id: 10, text: '关闭控制' });&#xD;
            return arr;&#xD;
        }&#xD;
        function valSelDataFruit() {&#xD;
            @*水果拉霸控牌=强制大转盘指向面板位（与机台设定的 24 面板位一致）；id=30+面板位，10=关闭；&#xD;
               按倍率小到大排（送灯位无倍率=免费局排最后；同倍率按面板位），控牌值不变。&#xD;
               文本不再带"面板X"前缀（面板位仍由 id=30+面板位 编码，回显同文本）*@&#xD;
            var panels = [&#xD;
                '橘子·大(10倍)', '铃铛·大(20倍)', 'BAR·小(50倍)', 'BAR·大(120倍)', '苹果(5倍)', '苹果·小(3倍)',&#xD;
                '柠檬·大(15倍)', '西瓜·大(20倍)', '西瓜·小(3倍)', '送灯位(免费局)', '苹果(5倍)', '橘子·小(3倍)',&#xD;
                '橘子·大(10倍)', '铃铛·大(20倍)', '双7·小(3倍)', '双7·大(40倍)', '苹果(5倍)', '柠檬·小(3倍)',&#xD;
                '柠檬·大(15倍)', '星星·小(3倍)', '星星·大(30倍)', '送灯位(免费局)', '苹果(5倍)', '铃铛·小(3倍)'&#xD;
            ];&#xD;
            var arr = [];&#xD;
            for (var i = 0; i &lt; panels.length; i++) {&#xD;
                var m = /\((\d+)倍\)/.exec(panels[i]);&#xD;
                arr.push({ id: 30 + i, text: panels[i], mag: m ? parseInt(m[1]) : 9999 });&#xD;
            }&#xD;
            arr.sort(function (a, b) {&#xD;
                if (a.mag != b.mag) return a.mag - b.mag;&#xD;
                return (a.id - 30) - (b.id - 30);&#xD;
            });&#xD;
            arr.push({ id: 10, text: '关闭控制' });&#xD;
            return arr;&#xD;
        }&#xD;
&#xD;
        @*拉霸控牌值回显图标名（与控牌下拉/服务端映射一致；cardAction 15=水浒传 16=明星97 17=水果拉霸）*@&#xD;
        function labaTypeName(action, value) {&#xD;
            action = parseInt(action); value = parseInt(value);&#xD;
            if (value == 10) return '关闭';&#xD;
            var list = null;&#xD;
            if (action == 15) list = valSelDataShz();&#xD;
            else if (action == 16) list = valSelDataMx97();&#xD;
            else if (action == 17) list = valSelDataFruit();&#xD;
            if (list) {&#xD;
                for (var i = 0; i &lt; list.length; i++)&#xD;
                    if (list[i].id == value) return list[i].text;&#xD;
                // 兼容旧控牌值：水浒传 0-7=中间行五连符号；明星97 0-8=单线三连符号&#xD;
                if (action == 15 &amp;&amp; value &gt;= 0 &amp;&amp; value &lt;= 7)&#xD;
                    return '五连·' + ['忠义堂(1000倍)', '替天行道(400倍)', '宋江(200倍)', '林冲(160倍)', '鲁智深(100倍)', '刀(60倍)', '枪(40倍)', '斧(20倍)'][value];&#xD;
                if (action == 16 &amp;&amp; value &gt;= 0 &amp;&amp; value &lt;= 8)&#xD;
                    return '三连·' + ['樱桃(10倍)', '橘子(10倍)', '蓝莓(14倍)', '铃铛(18倍)', '西瓜(20倍)', '黄BAR(30倍)', '红BAR(50倍)', '蓝BAR(70倍)', '七(80倍+)'][value];&#xD;
            }&#xD;
            return String(value);&#xD;
        }&#xD;
&#xD;
        function actionSelDataPAIJI() {&#xD;
            return [&#xD;
                { id: 5, text: '大字版控制', selected: true  },&#xD;
                { id: 7, text: 'ATT3控制' },&#xD;
                { id: 12, text: '金皇冠' },&#xD;
                { id: 13, text: 'NBA' },&#xD;
                { id: 14, text: '火凤凰' }&#xD;
            ];&#xD;
        }&#xD;
        function valSelData() {&#xD;
            var arr = [];&#xD;
            for (var i = 0; i &lt; 11; i++)&#xD;
                if (i == 0)&#xD;
                    arr.push({ id: i, text: i });&#xD;
                else&#xD;
                    arr.push({ id: i, text: i });&#xD;
            return arr;&#xD;
        }&#xD;
        function valSelDataPAIJI1() {&#xD;
            var arr = [];&#xD;
            arr.push({ id: 5, text: '五把之内' });&#xD;
            arr.push({ id: 10, text: '十把之内' });&#xD;
            return arr;&#xD;
        }&#xD;
&#xD;
        // 牌机型13种牌型（与服务端 te_CardsType 枚举 0..12 一致，与台机设定 GC_PAYOUT_ROWS 同口径）&#xD;
        var TC_CARD_TYPES = [&#xD;
            { ht: 0, name: '杂牌' }, { ht: 1, name: '对子' }, { ht: 2, name: '两对' },&#xD;
            { ht: 3, name: '三条' }, { ht: 4, name: '杂顺' }, { ht: 5, name: '同花' },&#xD;
            { ht: 6, name: '葫芦' }, { ht: 7, name: '小四梅' }, { ht: 8, name: '大四梅' },&#xD;
            { ht: 9, name: '同花顺' }, { ht: 10, name: '五梅' }, { ht: 11, name: '同花大顺' },&#xD;
            { ht: 12, name: '五鬼' }&#xD;
        ];&#xD;
        // 各牌机游戏倍率（与台机设定 GC_MAG_TAB 一致，客户端固定值只读；ATT3 取 middle 档）&#xD;
        var TC_MAG_TAB = {&#xD;
            phenix: [0, 1, 2, 3, 5, 7, 10, 40, 80, 120, 250, 500, 1000],&#xD;
            king3:  [0, 1, 2, 3, 5, 7, 10, 60, 60, 120, 250, 500, 1000],&#xD;
            dazhi:  [0, 1, 2, 3, 5, 7, 15, 65, 65, 150, 350, 250, 350],&#xD;
            nba:    [0, 1, 2, 3, 5, 7, 10, 50, 50, 100, 400, 200, 1000],&#xD;
            att3:   [0, 1, 2, 3, 5, 7, 10, 50, 50, 120, 400, 200, 1000]&#xD;
        };&#xD;
        // cardAction -&gt; 倍率key：5大字版/7ATT3/12金皇冠/13NBA/14火凤凰&#xD;
        function tcMagKey(action) {&#xD;
            if (action == 5) return 'dazhi';&#xD;
            if (action == 7) return 'att3';&#xD;
            if (action == 12) return 'king3';&#xD;
            if (action == 13) return 'nba';&#xD;
            return 'phenix';&#xD;
        }&#xD;
        // 按 cardAction 动态生成牌机型牌型下拉：0-12 完整13种 + 99关闭控制（倍率随游戏类型变化）&#xD;
        // 大字板(5)五鬼已下线：不提供五鬼选项，与服务端 AlgProb 控制通道封死一致&#xD;
        function valSelDataPAIJI(cardAction) {&#xD;
            var mags = TC_MAG_TAB[tcMagKey(cardAction)];&#xD;
            var arr = [];&#xD;
            for (var i = 0; i &lt; TC_CARD_TYPES.length; i++) {&#xD;
                var t = TC_CARD_TYPES[i];&#xD;
                // 隐藏牌型：杂牌(0)/五鬼(12)；大四梅(8)仅火凤凰保留（大字板五鬼已下线）&#xD;
                if (t.ht == 0 || t.ht == 12) continue;&#xD;
                if (t.ht == 8 &amp;&amp; cardAction != 14) continue;&#xD;
                var item = { id: t.ht, text: t.name + '(' + mags[t.ht] + '倍)' };&#xD;
                if (t.ht == 4) item.selected = true; // 默认选中杂顺&#xD;
                arr.push(item);&#xD;
            }&#xD;
            arr.push({ id: 99, text: '关闭控制' });&#xD;
            return arr;&#xD;
        }&#xD;
&#xD;
        function valSelDataPAIJI2() {&#xD;
            var arr = [];&#xD;
            arr.push({ id: 0, text: '杂牌(0倍)' });&#xD;
            arr.push({ id: 1, text: '一对(1倍)' });&#xD;
            arr.push({ id: 2, text: '两对(2倍)' });&#xD;
            arr.push({ id: 3, text: '三条(3倍)' });&#xD;
            arr.push({ id: 4, text: '顺子(5倍)' });&#xD;
            arr.push({ id: 5, text: '同花(7倍)' });&#xD;
            arr.push({ id: 6, text: '葫芦(15倍)' });&#xD;
            arr.push({ id: 7, text: '小四梅(65倍)' });&#xD;
            arr.push({ id: 8, text: '大四梅(65倍)' });&#xD;
            arr.push({ id: 9, text: '同花顺(150倍)' });&#xD;
            return arr;&#xD;
        }&#xD;
&#xD;
        function valSelDataPAIJI3() {&#xD;
            var arr = [];&#xD;
            arr.push({ id: 0, text: '杂牌(0倍)' });&#xD;
            arr.push({ id: 1, text: '一对(1倍)' });&#xD;
            arr.push({ id: 2, text: '两对(2倍)' });&#xD;
            arr.push({ id: 3, text: '三条(3倍)' });&#xD;
            arr.push({ id: 4, text: '顺子(5倍)' });&#xD;
            arr.push({ id: 5, text: '同花(7倍)' });&#xD;
            arr.push({ id: 6, text: '葫芦(15倍)' });&#xD;
            arr.push({ id: 7, text: '小四梅(65倍)' });&#xD;
            arr.push({ id: 8, text: '大四梅(65倍)' });&#xD;
            arr.push({ id: 9, text: '同花顺(150倍)' });&#xD;
            arr.push({ id: 10, text: '关闭控制' });&#xD;
            return arr;&#xD;
        }&#xD;
&#xD;
        function bindGameTypePaiJi(newValue, oldValue) {&#xD;
            console.log("newValue:" + newValue);&#xD;
            console.log("oldValue:" + oldValue);&#xD;
          &#xD;
            if (oldValue &amp;&amp; newValue &gt; -1 &amp;&amp; newValue != oldValue) {&#xD;
                if (newValue == 5 || newValue == 7 || newValue == 12 || newValue == 13 || newValue == 14) {&#xD;
                    // 牌机型：按所选游戏动态生成0-12牌型+关闭(99)，倍率与台机设定一致&#xD;
                    $('#selE_Type').combobox('loadData', valSelDataPAIJI(newValue));&#xD;
                }&#xD;
            }&#xD;
        }&#xD;
&#xD;
        function SaveUserRate() {&#xD;
            @Html.Raw(@"       var para = $('#form3').serializeObject();&#xD;
                request('/Game/UserInfo/ChgUserRate', para, function (data) {&#xD;
                    //提示消息&#xD;
                    showUserResult(data);&#xD;
                    if (data &amp;&amp; data.code == 1) {&#xD;
                        $('#chgRateWin').dialog('close');&#xD;
                        $('#form3').form('reset');&#xD;
                        refreshChangedUserRow(para.ID, 500);&#xD;
                    }&#xD;
                });");&#xD;
        }&#xD;
        function SaveUserRatePAIJI() {&#xD;
            @Html.Raw(@"       var para = $('#form6').serializeObject();&#xD;
                request('/Game/UserInfo/ChgUserRatePAIJI', para, function (data) {&#xD;
                    //提示消息&#xD;
                    showUserResult(data);&#xD;
                    if (data &amp;&amp; data.code == 1) {&#xD;
                        $('#chgRateWinPAIJI').dialog('close');&#xD;
                        $('#form6').form('reset');&#xD;
                        refreshChangedUserRow(para.ID1, 500);&#xD;
                    }&#xD;
                });");&#xD;
        }&#xD;
        function SaveUserRateLaba() {&#xD;
            @Html.Raw(@"       var para = $('#formLaba').serializeObject();&#xD;
                request('/Game/UserInfo/ChgUserRateLaba', para, function (data) {&#xD;
                    showUserResult(data);&#xD;
                    if (data &amp;&amp; data.code == 1) {&#xD;
                        $('#chgRateWinLaba').dialog('close');&#xD;
                        $('#formLaba').form('reset');&#xD;
                        refreshChangedUserRow(para.IDLaba, 500);&#xD;
                    }&#xD;
                });");&#xD;
        }&#xD;
        function kickPlayer(id) {&#xD;
            var _tip = 'ALL', _url = '/Game/UserInfo/KickAllPlayer';&#xD;
            if (id &amp;&amp; id.length &gt; 0) {&#xD;
                _tip = '选择的';&#xD;
                _url = '/Game/UserInfo/KickPlayer';&#xD;
            }&#xD;
            @Html.Raw(@"        confirm('确认踢出' + _tip + ' 用户？', function () {&#xD;
                request(_url, { UserID: id }, function (data) {&#xD;
                    //提示消息&#xD;
                    showUserResult(data);&#xD;
                    if (data &amp;&amp; data.code == 1) {&#xD;
                        if (id &amp;&amp; id.length &gt; 0) {&#xD;
                            patchVisibleUserRow(id, { INHALL: false, CurrentGameName: null, CurrentGameType: null, CurrentRoomId: null, CurrentTableId: null, CurrentSeatId: null, CurrentBetCoins: null, CurrentWinLose: null });&#xD;
                            refreshChangedUserRow(id, 800);&#xD;
                        } else {&#xD;
                            refreshChangedUserRow(null, 800);&#xD;
                        }&#xD;
                    }&#xD;
                });&#xD;
            }); ");&#xD;
        }&#xD;
        function showAddUser() {&#xD;
            var para = {&#xD;
                winId: '#addUser',&#xD;
                title: '【添加用户】',&#xD;
                iconCls: 'icon-user_add'&#xD;
            };&#xD;
            openWin(para);&#xD;
        }&#xD;
&#xD;
        function SaveUserInfo() {&#xD;
            var para = $('#form4').serializeObject();&#xD;
            request('/Game/UserInfo/AddUser', para, function (data) {&#xD;
                //提示消息&#xD;
                showUserResult(data);&#xD;
                if (data &amp;&amp; data.code == 1) {&#xD;
                    $('#addUser').dialog('close');&#xD;
                    $('#form4').form('reset');&#xD;
                    //queryData();//重新绑定表格数据&#xD;
                    $('#tb_UserInfo').datagrid('reload');&#xD;
                }&#xD;
            });&#xD;
        }&#xD;
        function fmtUserID(value, rowData, rowIndex) {&#xD;
            if (rowData.FROZEN != 2) {&#xD;
                return value;&#xD;
            } else {&#xD;
                return '';&#xD;
            }&#xD;
        }&#xD;
&#xD;
        function bindAction(newValue, oldValue) {&#xD;
            if (oldValue &amp;&amp; newValue &gt; -1 &amp;&amp; newValue != oldValue) {&#xD;
                if (newValue == 1) {&#xD;
                    $('#selE_Val1').combobox('loadData', getComboValKill());&#xD;
                } else if (newValue == 2) {&#xD;
                    $('#selE_Val1').combobox('loadData', getComboValPut());&#xD;
                }&#xD;
            }&#xD;
        }&#xD;
&#xD;
        function getComboValKill() {&#xD;
            var arr = [];&#xD;
            arr.push({ id: 3, text: '小吃(3%)' });&#xD;
            arr.push({ id: 6, text: '中吃(6%)', selected: true });&#xD;
            arr.push({ id: 9, text: '大吃(9%)' });&#xD;
            arr.push({ id: 0, text: '关闭' });&#xD;
            return arr;&#xD;
        }&#xD;
        function getComboValPut() {&#xD;
            var arr = [];&#xD;
            arr.push({ id: 3, text: '小放(3%)', selected: true });&#xD;
            arr.push({ id: 6, text: '中放(6%)' });&#xD;
            arr.push({ id: 9, text: '大放(9%)' });&#xD;
            arr.push({ id: 0, text: '关闭' });&#xD;
            return arr;&#xD;
        }&#xD;
        @*总控专用 - 吃分只显示吃分，默认吃分*@&#xD;
        function getComboValKill_Total() {&#xD;
            var arr = [];&#xD;
            //arr.push({ id: 3, text: '小吃(3%)', selected: true });&#xD;
            arr.push({ id: 3, text: '吃分', selected: true });&#xD;
            arr.push({ id: 0, text: '关闭' });&#xD;
            return arr;&#xD;
        }&#xD;
        @*总控专用 - 放水只显示放水，默认放水*@&#xD;
        function getComboValPut_Total() {&#xD;
            var arr = [];&#xD;
            //arr.push({ id: 3, text: '小放(3%)', selected: true });&#xD;
            arr.push({ id: 3, text: '放水', selected: true });&#xD;
            arr.push({ id: 0, text: '关闭' });&#xD;
            return arr;&#xD;
        }&#xD;
&#xD;
        var _menuUser = null;&#xD;
        var _menuInited = false;&#xD;
&#xD;
        function showMenuModal() {&#xD;
            var dlg = $('#menuModal');&#xD;
            if (!_menuInited) {&#xD;
                dlg.dialog({&#xD;
                title: '【功能菜单】',&#xD;
                width: 320,&#xD;
                height: 'auto', // 高度自适应内容，完整显示所有按钮、不出现滚动条&#xD;
                modal: true,&#xD;
                    closed: true,&#xD;
                    collapsible: false,&#xD;
                    minimizable: false,&#xD;
                    maximizable: false,&#xD;
                    resizable: false&#xD;
                });&#xD;
                _menuInited = true;&#xD;
            }&#xD;
            dlg.dialog('open');&#xD;
        }&#xD;
&#xD;
        function closeMenu() {&#xD;
            $('#menuModal').dialog('close');&#xD;
        }&#xD;
&#xD;
        function menuDelete() { closeMenu(); deleteUser(_menuUser.ID); }&#xD;
        function menuControl() { closeMenu(); showTotalCtrlWin(_menuUser.ID); }&#xD;
        function menuKick() { closeMenu(); kickPlayer(_menuUser.ID); }&#xD;
        function menuRecharge() { closeMenu(); showReChange(_menuUser.ID); }&#xD;
        function menuDeduct() { closeMenu(); showDeduct(_menuUser.ID); }&#xD;
        function menuChgPwd() { closeMenu(); showChgWin(_menuUser.ID); }&#xD;
        function menuFrozen() { closeMenu(); frozenUser(_menuUser.ID, (_menuUser.FROZEN == 1 ? 0 : 1)); }&#xD;
&#xD;
        function bindRowClickMenu() {&#xD;
            if (bindRowClickMenu._done) return;&#xD;
            bindRowClickMenu._done = true;&#xD;
            document.addEventListener('click', function (e) {&#xD;
                if (!e.target || !e.target.closest) return;&#xD;
                var row = e.target.closest('tr.datagrid-row');&#xD;
                if (!row) return;&#xD;
                var panel = $('#tb_UserInfo').datagrid('getPanel');&#xD;
                if (!panel.length || !panel[0].contains(row)) return;&#xD;
                if (e.target.closest('a') || e.target.closest('input[type=checkbox]')) return;&#xD;
                var idx = parseInt(row.getAttribute('datagrid-row-index'));&#xD;
                if (isNaN(idx)) return;&#xD;
                var rows = $('#tb_UserInfo').datagrid('getRows');&#xD;
                var rd = rows[idx];&#xD;
                if (rd &amp;&amp; rd.FROZEN != 2) {&#xD;
                    _menuUser = rd;&#xD;
                    $('#menuUserAccount').text(rd.ID || '');&#xD;
                    $('#menuUserName').text(rd.NAME || '');&#xD;
                    // 冻结按钮：按用户当前状态显示 冻结/解冻，并按权限显隐&#xD;
                    $('#menuBtnFrozen').text(rd.FROZEN == 1 ? '解冻' : '冻结');&#xD;
                    @if (loginUser.UserPriv == 0 || loginUser.IsFrozen == 1)&#xD;
                    {&#xD;
                        &lt;text&gt;$('#menuBtnFrozen').show();&lt;/text&gt;&#xD;
                    }&#xD;
                    else&#xD;
                    {&#xD;
                        &lt;text&gt;$('#menuBtnFrozen').hide();&lt;/text&gt;&#xD;
                    }&#xD;
                    if (canKick &amp;&amp; (canKickWholeLine || rd.AGENCY == loginAgencyAccount))&#xD;
                        $('#menuBtnKick').show();&#xD;
                    else&#xD;
                        $('#menuBtnKick').hide();&#xD;
                    showMenuModal();&#xD;
                }&#xD;
            }, true);&#xD;
        }&#xD;
    &lt;/script&gt;&#xD;
    &lt;style&gt;&#xD;
        .dialog-coin-tip { display: block; padding-top: 6px; color: #c00; white-space: nowrap; }&#xD;
        .coin-dialog-table { width: auto; margin: 0 auto; }&#xD;
        .coin-dialog-label { width: 72px; text-align: right; white-space: nowrap; vertical-align: top; padding-top: 9px; }&#xD;
        .coin-dialog-field { text-align: left; white-space: nowrap; }&#xD;
        .coin-dialog-tip { color: #999; text-align: left; }&#xD;
        .coin-dialog-form { min-height: 260px; height: 100%; display: flex; align-items: center; justify-content: center; margin: 0; }&#xD;
        .menu-btn-item { display: block; width: 100%; padding: 12px 0; border: none; border-radius: 6px; font-size: 18px; font-weight: 600; cursor: pointer; margin-bottom: 8px; text-decoration: none; text-align: center; transition: opacity 0.2s; box-sizing: border-box; }&#xD;
        .menu-btn-item:hover { opacity: 0.85; }&#xD;
        .menu-btn-item:last-child { margin-bottom: 0; }&#xD;
        .menu-btn-control { background: #ecf5ff; color: #409eff; }&#xD;
        .menu-btn-recharge { background: #f0f9eb; color: #67c23a; }&#xD;
        .menu-btn-deduct { background: #fdf6ec; color: #e6a23c; }&#xD;
        .menu-btn-kick { background: #fef0f0; color: #f56c6c; }&#xD;
        .menu-btn-pwd { background: #f3f0ff; color: #722ed1; }&#xD;
        .menu-btn-frozen { background: #e6f7ff; color: #1890ff; }&#xD;
        .menu-btn-delete { background: #fff1f0; color: #cf1322; }&#xD;
        .menu-btn-back { background: #f5f7fa; color: #606266; }&#xD;
    &lt;/style&gt;&#xD;
}&#xD;
&#xD;
@*查询条件*@&#xD;
&lt;form id="frm_srch"&gt;&#xD;
    &lt;table width="100%" border="0" cellpadding="0" cellspacing="0" class="titleQueBg" style="height:40px;"&gt;&#xD;
        &lt;tr&gt;&#xD;
            &lt;td&gt;&#xD;
                &lt;div class="left Lpd5"&gt;&#xD;
                    用户账号&#xD;
                    &lt;input type="text" class="easyui-textbox" name="srch_ID" /&gt;&#xD;
                &lt;/div&gt;&#xD;
                &lt;div class="left Lpd5"&gt;&#xD;
                    昵称&#xD;
                    &lt;input type="text" class="easyui-textbox" name="srch_NAME" /&gt;&#xD;
                &lt;/div&gt;&#xD;
                &lt;div class="left Lpd5"&gt;&#xD;
                    所属代理&#xD;
                    &lt;input type="text" class="easyui-textbox" name="srch_Agency" /&gt;&#xD;
                &lt;/div&gt;&#xD;
                @*&lt;div class="left Lpd5"&gt;&#xD;
                        开始时间&#xD;
                        &lt;input class="easyui-datetimebox" name="srch_StartTime"&#xD;
                               data-options="required:true,showSeconds:false" value="3/4/2010 2:3" style="width:150px"&gt;&#xD;
                    &lt;/div&gt;&#xD;
                    &lt;div class="left Lpd5"&gt;&#xD;
                        结束时间&#xD;
                        &lt;input class="easyui-datetimebox" name="srch_EndTime"&#xD;
                               data-options="required:true,showSeconds:false" value="3/4/2010 2:3" style="width:150px"&gt;&#xD;
                    &lt;/div&gt;*@&#xD;
                &lt;div class="left Lmg10"&gt;&#xD;
                    &lt;a href="javascript:void(0);" class="easyui-linkbutton" onclick="queryData();" data-options="plain:true,iconCls:'icon-search'"&gt;查找&lt;/a&gt;&#xD;
                    &lt;a href="javascript:void(0);" class="easyui-linkbutton" onclick="showAddUser();" data-options="plain:true,iconCls:'icon-add'"&gt;添加用户&lt;/a&gt;&#xD;
                    @if (loginUser?.UserPriv == 0)&#xD;
                    {&#xD;
                        &lt;a href="javascript:void(0);" class="easyui-linkbutton" onclick="kickPlayer();" data-options="plain:true,iconCls:'icon-user_cross'"&gt;剔除所有人&lt;/a&gt;&#xD;
                    }&#xD;
                    @if (loginUser?.UserPriv == 1 &amp;&amp; loginUser?.IsKicking == 1)&#xD;
                    {&#xD;
                        &lt;a href="javascript:void(0);" class="easyui-linkbutton" onclick="kickPlayer();" data-options="plain:true,iconCls:'icon-user_cross'"&gt;@(loginUser?.ManageScope == 2 ? "剔除整条线在线玩家" : "剔除直属在线玩家")&lt;/a&gt;&#xD;
                    }&#xD;
                &lt;/div&gt;&#xD;
            &lt;/td&gt;&#xD;
        &lt;/tr&gt;&#xD;
    &lt;/table&gt;&#xD;
&lt;/form&gt;&#xD;
&#xD;
@*查询代理的信息*@&#xD;
&lt;table id="tb_UserInfo"&gt;&#xD;
    &lt;thead&gt;&#xD;
        &lt;tr&gt;&#xD;
            &lt;th data-options="field:'ck',checkbox:true"&gt;&lt;/th&gt;&#xD;
            &lt;th field="ID" width="75"&gt;用户账号&lt;/th&gt;&#xD;
            &lt;th field="NAME" width="75"&gt;昵称&lt;/th&gt;&#xD;
            &lt;th field="AGENCY" width="60"&gt;所属代理&lt;/th&gt;&#xD;
            &lt;th field="FROZEN" width="45" formatter="fmtForzen"&gt;是否冻结&lt;/th&gt;&#xD;
            &lt;th field="INHALL" width="45" formatter="fmtForzen"&gt;是否在线&lt;/th&gt;&#xD;
            &lt;th field="COINS" width="65" formatter="fmtCoins" sortable="true"&gt;账面余额&lt;/th&gt;&#xD;
            &lt;th field="GAME_SCORE" width="65" formatter="fmtCoins" sortable="true"&gt;账面游戏分&lt;/th&gt;&#xD;
            &lt;th field="CurrentGameName" width="120" hidden="true"&gt;当前游戏&lt;/th&gt;&#xD;
            &lt;th field="CurrentRoomId" width="80" hidden="true"&gt;当前厅&lt;/th&gt;&#xD;
            &lt;th field="CurrentTableId" width="80" hidden="true"&gt;桌号&lt;/th&gt;&#xD;
            &lt;th field="CurrentSeatId" width="80" hidden="true"&gt;座号&lt;/th&gt;&#xD;
            &lt;th field="CurrentBetCoins" width="90" formatter="fmtCoins" hidden="true"&gt;下注&lt;/th&gt;&#xD;
            &lt;th field="CurrentWinLose" width="90" formatter="fmtCoins" hidden="true"&gt;当前输赢&lt;/th&gt;&#xD;
            &lt;th field="COINS_BUY" width="70" formatter="fmtCoins"&gt;充值&lt;/th&gt;&#xD;
            &lt;th field="COINS_BACK" width="60" formatter="fmtCoins"&gt;兑换&lt;/th&gt;&#xD;
            &lt;th field="TodayWinLoss" width="60" formatter="fmtWinLoss" sortable="true" order="desc"&gt;今日盈亏&lt;/th&gt;&#xD;
            &lt;th field="Profit" width="70" formatter="fmtWinLoss" sortable="true" order="desc"&gt;总盈亏&lt;/th&gt;&#xD;
            @if (loginUser.UserPriv == 0 || loginUser.IsViewPwd == 1)
            {&#xD;
                &lt;th field="PWD" width="75"&gt;用户密码&lt;/th&gt;&#xD;
                &lt;!-- 保险柜密码已隐藏 --&gt;&#xD;
            }&#xD;
            &lt;!-- 保险柜余额已隐藏 --&gt;&#xD;
            @*@if (loginUser?.UserPriv == 0)&#xD;
                {&#xD;
                    &lt;th field="TELEPHONE" width="110"&gt;手机号&lt;/th&gt;&#xD;
                }*@&#xD;
            &lt;th field="OPT" width="700" formatter="fmtOpt" hidden="true"&gt;操作&lt;/th&gt;&#xD;
&#xD;
        &lt;/tr&gt;&#xD;
    &lt;/thead&gt;&#xD;
&lt;/table&gt;&#xD;
&#xD;
@*修改密码窗口*@&#xD;
&lt;div id="chgWin" class="hide"&gt;&#xD;
    &lt;form id="form2"&gt;&#xD;
        &lt;table cellpadding="0" cellspacing="0" border="0" width="100%" align="center"&gt;&#xD;
            &lt;tr&gt;&#xD;
                &lt;td colspan="2" align="left" style="padding-left: 50px;color:#999;"&gt;&#xD;
                    &lt;p style="margin-left:-35px;"&gt;温馨提示:修改后即时生效&lt;/p&gt;&#xD;
                &lt;/td&gt;&#xD;
            &lt;/tr&gt;&#xD;
            &lt;tr&gt;&#xD;
                &lt;td align="right"&gt;用户账号&lt;/td&gt;&#xD;
                &lt;td align="left" class="pd5"&gt;&#xD;
                    &lt;input class="easyui-textbox win-txt" id="txtE_UID" disabled /&gt;&#xD;
                &lt;/td&gt;&#xD;
            &lt;/tr&gt;&#xD;
            &lt;tr&gt;&#xD;
                &lt;td align="right"&gt;新密码&lt;/td&gt;&#xD;
                &lt;td align="left" class="pd5"&gt;&#xD;
                    &lt;input class="easyui-passwordbox win-txt" id="txtE_PWD" name="PWD" /&gt;&#xD;
                &lt;/td&gt;&#xD;
            &lt;/tr&gt;&#xD;
            &lt;tr&gt;&#xD;
                &lt;td align="center" colspan="2" class="pd5"&gt;&#xD;
                    &lt;input type="hidden" id="hfUID" name="ID" value="0" /&gt;&#xD;
                    &lt;a href="javascript:void(0);" class="easyui-linkbutton" onclick="SaveUserPwd()" data-options="plain:true,iconCls:'icon-save'"&gt;保存&lt;/a&gt;&#xD;
                &lt;/td&gt;&#xD;
            &lt;/tr&gt;&#xD;
        &lt;/table&gt;&#xD;
    &lt;/form&gt;&#xD;
&lt;/div&gt;&#xD;
&#xD;
@*修改保险柜密码窗口*@&#xD;
&lt;div id="chgSafePwdWin" class="hide"&gt;&#xD;
    &lt;form id="formSafePwd"&gt;&#xD;
        &lt;table cellpadding="0" cellspacing="0" border="0" width="100%" align="center"&gt;&#xD;
            &lt;tr&gt;&#xD;
                &lt;td colspan="2" align="left" style="padding-left: 50px;color:#999;"&gt;&#xD;
                    &lt;p style="margin-left:-35px;"&gt;温馨提示:修改后即时生效&lt;/p&gt;&#xD;
                &lt;/td&gt;&#xD;
            &lt;/tr&gt;&#xD;
            &lt;tr&gt;&#xD;
                &lt;td align="right"&gt;用户账号&lt;/td&gt;&#xD;
                &lt;td align="left" class="pd5"&gt;&#xD;
                    &lt;input class="easyui-textbox win-txt" id="txtE_SAFE_UID" disabled /&gt;&#xD;
                &lt;/td&gt;&#xD;
            &lt;/tr&gt;&#xD;
            &lt;tr&gt;&#xD;
                &lt;td align="right"&gt;新保险柜密码&lt;/td&gt;&#xD;
                &lt;td align="left" class="pd5"&gt;&#xD;
                    &lt;input class="easyui-passwordbox win-txt" id="txtE_SAFE_PWD" name="SAFE_PWD" /&gt;&#xD;
                &lt;/td&gt;&#xD;
            &lt;/tr&gt;&#xD;
            &lt;tr&gt;&#xD;
                &lt;td align="center" colspan="2" class="pd5"&gt;&#xD;
                    &lt;input type="hidden" id="hfSafeUID" name="ID" value="0" /&gt;&#xD;
[...]
      <TestMethod codeBase="E:\Project\MTH\Backend\UnitTestProj\bin\Debug\UnitTestProj.dll" adapterTypeName="executor://mstestadapter/v2" className="UnitTestProj.AgencyRulesTest" name="InviteCodeCannotMatchAnyAgencyAccount" />
    </UnitTest>
    <UnitTest name="ChildAgentInheritsCreatePermissionAndAgencyLimit" storage="e:\project\mth\backend\unittestproj\bin\debug\unittestproj.dll" id="bdfe03ce-abe4-ab2c-e618-9cdb96943132">
      <Execution id="db159b71-4832-4c59-8a5f-b2e39d110645" />
      <TestMethod codeBase="E:\Project\MTH\Backend\UnitTestProj\bin\Debug\UnitTestProj.dll" adapterTypeName="executor://mstestadapter/v2" className="UnitTestProj.AgencyRulesTest" name="ChildAgentInheritsCreatePermissionAndAgencyLimit" />
    </UnitTest>
    <UnitTest name="ModifySafePasswordPermissionHasDedicatedEntryAndPost" storage="e:\project\mth\backend\unittestproj\bin\debug\unittestproj.dll" id="2d8786b7-82a8-40eb-7ca8-e7d707e353cb">
      <Execution id="2b42c55d-8ebf-4639-a478-98af5cdb8ee6" />
      <TestMethod codeBase="E:\Project\MTH\Backend\UnitTestProj\bin\Debug\UnitTestProj.dll" adapterTypeName="executor://mstestadapter/v2" className="UnitTestProj.ViewContractTest" name="ModifySafePasswordPermissionHasDedicatedEntryAndPost" />
    </UnitTest>
    <UnitTest name="UpDownPermissionControlsRechargeAndDeductEntriesAndPosts" storage="e:\project\mth\backend\unittestproj\bin\debug\unittestproj.dll" id="50e28eab-8e06-11ec-6bfc-a68e67d807f6">
      <Execution id="b5bb25fa-07fa-4180-9679-82f0439b591b" />
      <TestMethod codeBase="E:\Project\MTH\Backend\UnitTestProj\bin\Debug\UnitTestProj.dll" adapterTypeName="executor://mstestadapter/v2" className="UnitTestProj.ViewContractTest" name="UpDownPermissionControlsRechargeAndDeductEntriesAndPosts" />
    </UnitTest>
    <UnitTest name="InviteCodeUniquenessExcludesCurrentAgencyOnly" storage="e:\project\mth\backend\unittestproj\bin\debug\unittestproj.dll" id="242e3f8c-5ca9-25bc-21b8-a186412ea199">
      <Execution id="763cdaa9-17e9-443e-82a7-d334c08d8f00" />
      <TestMethod codeBase="E:\Project\MTH\Backend\UnitTestProj\bin\Debug\UnitTestProj.dll" adapterTypeName="executor://mstestadapter/v2" className="UnitTestProj.AgencyRulesTest" name="InviteCodeUniquenessExcludesCurrentAgencyOnly" />
    </UnitTest>
    <UnitTest name="AdminPermissionViewExposesVisiblePermissionSwitches" storage="e:\project\mth\backend\unittestproj\bin\debug\unittestproj.dll" id="f9770a42-9811-ff9a-b968-5c816b8b43c9">
      <Execution id="d143d2c5-f60b-46fb-92b3-05d45b198f22" />
      <TestMethod codeBase="E:\Project\MTH\Backend\UnitTestProj\bin\Debug\UnitTestProj.dll" adapterTypeName="executor://mstestadapter/v2" className="UnitTestProj.ViewContractTest" name="AdminPermissionViewExposesVisiblePermissionSwitches" />
    </UnitTest>
    <UnitTest name="AllBackendTablesUseAdaptiveColumnWidthsWithoutChangingHeightSizing" storage="e:\project\mth\backend\unittestproj\bin\debug\unittestproj.dll" id="e08d704e-ae0a-406d-40f2-d16a77d49d31">
      <Execution id="a66f0dec-5848-40cb-a7cb-3df5fbcac251" />
      <TestMethod codeBase="E:\Project\MTH\Backend\UnitTestProj\bin\Debug\UnitTestProj.dll" adapterTypeName="executor://mstestadapter/v2" className="UnitTestProj.ViewContractTest" name="AllBackendTablesUseAdaptiveColumnWidthsWithoutChangingHeightSizing" />
    </UnitTest>
    <UnitTest name="AdminPermissionActionsRequireManagedAgencyRangeAndModifyPasswordUsesExistingPermission" storage="e:\project\mth\backend\unittestproj\bin\debug\unittestproj.dll" id="a7cdf53d-590b-bd9d-075b-588749b8b20f">
      <Execution id="babbb77e-87e1-467b-a900-1a58795abfc6" />
      <TestMethod codeBase="E:\Project\MTH\Backend\UnitTestProj\bin\Debug\UnitTestProj.dll" adapterTypeName="executor://mstestadapter/v2" className="UnitTestProj.ViewContractTest" name="AdminPermissionActionsRequireManagedAgencyRangeAndModifyPasswordUsesExistingPermission" />
    </UnitTest>
    <UnitTest name="RechargeMenuAndRouteUseAccountRechargeName" storage="e:\project\mth\backend\unittestproj\bin\debug\unittestproj.dll" id="a92b8463-3f25-4baa-5b34-e4751b84c404">
      <Execution id="6238dd38-1c03-4196-b15d-11c36e70b70f" />
      <TestMethod codeBase="E:\Project\MTH\Backend\UnitTestProj\bin\Debug\UnitTestProj.dll" adapterTypeName="executor://mstestadapter/v2" className="UnitTestProj.ViewContractTest" name="RechargeMenuAndRouteUseAccountRechargeName" />
    </UnitTest>
    <UnitTest name="ManageScopeOneAllowsSelfAndDirectChildrenOnly" storage="e:\project\mth\backend\unittestproj\bin\debug\unittestproj.dll" id="8b660537-fbcf-75ec-3bec-65d15c515392">
      <Execution id="19ec9ee6-5383-4593-914b-49583c930756" />
      <TestMethod codeBase="E:\Project\MTH\Backend\UnitTestProj\bin\Debug\UnitTestProj.dll" adapterTypeName="executor://mstestadapter/v2" className="UnitTestProj.AgencyRulesTest" name="ManageScopeOneAllowsSelfAndDirectChildrenOnly" />
    </UnitTest>
    <UnitTest name="UnlimitedAgencyLimitAllowsMoreThanEightLevels" storage="e:\project\mth\backend\unittestproj\bin\debug\unittestproj.dll" id="3d4d2e57-3f6a-9352-a049-ad3f38f4b67a">
      <Execution id="a36d6257-30a0-4e7e-a7bf-849e2825e71d" />
      <TestMethod codeBase="E:\Project\MTH\Backend\UnitTestProj\bin\Debug\UnitTestProj.dll" adapterTypeName="executor://mstestadapter/v2" className="UnitTestProj.AgencyRulesTest" name="UnlimitedAgencyLimitAllowsMoreThanEightLevels" />
    </UnitTest>
    <UnitTest name="OnlineUsersListIsScopedToManagedAgencies" storage="e:\project\mth\backend\unittestproj\bin\debug\unittestproj.dll" id="a61f905e-69d4-899b-429a-41007d108f31">
      <Execution id="a971c5a8-9972-401c-8cb9-6ece9a86a9b4" />
      <TestMethod codeBase="E:\Project\MTH\Backend\UnitTestProj\bin\Debug\UnitTestProj.dll" adapterTypeName="executor://mstestadapter/v2" className="UnitTestProj.ViewContractTest" name="OnlineUsersListIsScopedToManagedAgencies" />
    </UnitTest>
    <UnitTest name="UserInfoViewShowsLineKickEntryForFirstLevelAgentWithKickPermission" storage="e:\project\mth\backend\unittestproj\bin\debug\unittestproj.dll" id="dd6e27c9-baf0-e4d0-e0af-947b7fc56912">
      <Execution id="73628be4-3d92-4339-8f94-747b45a72e91" />
      <TestMethod codeBase="E:\Project\MTH\Backend\UnitTestProj\bin\Debug\UnitTestProj.dll" adapterTypeName="executor://mstestadapter/v2" className="UnitTestProj.ViewContractTest" name="UserInfoViewShowsLineKickEntryForFirstLevelAgentWithKickPermission" />
    </UnitTest>
    <UnitTest name="RechargePageSkipsMissingFormWidgetsAndDoesNotPreloadAgencies" storage="e:\project\mth\backend\unittestproj\bin\debug\unittestproj.dll" id="74feb3d8-b8b3-6ebe-e44b-442e5987377f">
      <Execution id="7a446592-ce26-429f-84f2-8766df2f001a" />
      <TestMethod codeBase="E:\Project\MTH\Backend\UnitTestProj\bin\Debug\UnitTestProj.dll" adapterTypeName="executor://mstestadapter/v2" className="UnitTestProj.ViewContractTest" name="RechargePageSkipsMissingFormWidgetsAndDoesNotPreloadAgencies" />
    </UnitTest>
    <UnitTest name="GeneratedInviteCodeSkipsAgencyAccounts" storage="e:\project\mth\backend\unittestproj\bin\debug\unittestproj.dll" id="3952a817-4d65-6ffe-d204-5abae45ffbe9">
      <Execution id="bc4d55f3-89c3-4990-8152-9e5a98806285" />
      <TestMethod codeBase="E:\Project\MTH\Backend\UnitTestProj\bin\Debug\UnitTestProj.dll" adapterTypeName="executor://mstestadapter/v2" className="UnitTestProj.AgencyRulesTest" name="GeneratedInviteCodeSkipsAgencyAccounts" />
    </UnitTest>
    <UnitTest name="AdminPermissionMenuUsesAgencyPermissionName" storage="e:\project\mth\backend\unittestproj\bin\debug\unittestproj.dll" id="555dfb0c-0c3c-ccb5-c133-b0c1c0ca3e8c">
      <Execution id="1c83b643-ff9d-4164-bd7d-46172d753660" />
      <TestMethod codeBase="E:\Project\MTH\Backend\UnitTestProj\bin\Debug\UnitTestProj.dll" adapterTypeName="executor://mstestadapter/v2" className="UnitTestProj.ViewContractTest" name="AdminPermissionMenuUsesAgencyPermissionName" />
    </UnitTest>
    <UnitTest name="AgentPasswordAndDeletePermissionsAreScopedToDirectSubordinates" storage="e:\project\mth\backend\unittestproj\bin\debug\unittestproj.dll" id="acd15a76-c886-b319-a6e8-1a6317f82cae">
      <Execution id="2e2fed67-ba81-47b4-bf4a-9d45bfa6a651" />
      <TestMethod codeBase="E:\Project\MTH\Backend\UnitTestProj\bin\Debug\UnitTestProj.dll" adapterTypeName="executor://mstestadapter/v2" className="UnitTestProj.ViewContractTest" name="AgentPasswordAndDeletePermissionsAreScopedToDirectSubordinates" />
    </UnitTest>
    <UnitTest name="ManageScopeTwoAllowsSelfAndWholeLine" storage="e:\project\mth\backend\unittestproj\bin\debug\unittestproj.dll" id="3a6bdd3a-3962-894d-3e1b-c5c199427ab2">
      <Execution id="21f106d0-e6a1-45e6-b6ef-8a352e763e91" />
      <TestMethod codeBase="E:\Project\MTH\Backend\UnitTestProj\bin\Debug\UnitTestProj.dll" adapterTypeName="executor://mstestadapter/v2" className="UnitTestProj.AgencyRulesTest" name="ManageScopeTwoAllowsSelfAndWholeLine" />
    </UnitTest>
    <UnitTest name="RemainingPermissionAndInputRisksAreGuarded" storage="e:\project\mth\backend\unittestproj\bin\debug\unittestproj.dll" id="1247ab89-a059-ffbb-8485-c16b3973c3f2">
      <Execution id="18a7a52a-a7b9-40af-b16e-4532fea78650" />
      <TestMethod codeBase="E:\Project\MTH\Backend\UnitTestProj\bin\Debug\UnitTestProj.dll" adapterTypeName="executor://mstestadapter/v2" className="UnitTestProj.ViewContractTest" name="RemainingPermissionAndInputRisksAreGuarded" />
    </UnitTest>
    <UnitTest name="SensitivePlayerFieldsAreScrubbedServerSide" storage="e:\project\mth\backend\unittestproj\bin\debug\unittestproj.dll" id="3a4fe79b-85d0-2ac7-aace-57a7322a40df">
      <Execution id="98322609-7e83-4622-985c-67dc15579d32" />
      <TestMethod codeBase="E:\Project\MTH\Backend\UnitTestProj\bin\Debug\UnitTestProj.dll" adapterTypeName="executor://mstestadapter/v2" className="UnitTestProj.ViewContractTest" name="SensitivePlayerFieldsAreScrubbedServerSide" />
    </UnitTest>
    <UnitTest name="PasswordPermissionsHideLoginAndResetEntries" storage="e:\project\mth\backend\unittestproj\bin\debug\unittestproj.dll" id="1719bd59-d265-2b4f-28d0-a71add7e098f">
      <Execution id="e8d9f188-9aa1-40a0-83aa-dfb8efeb02fd" />
      <TestMethod codeBase="E:\Project\MTH\Backend\UnitTestProj\bin\Debug\UnitTestProj.dll" adapterTypeName="executor://mstestadapter/v2" className="UnitTestProj.ViewContractTest" name="PasswordPermissionsHideLoginAndResetEntries" />
    </UnitTest>
    <UnitTest name="FirstLevelAgentKickAllUsesManageScopeForVisibleUserRange" storage="e:\project\mth\backend\unittestproj\bin\debug\unittestproj.dll" id="550f2a9a-022a-9e20-7ad9-0e2dc0361652">
      <Execution id="f1516646-45b7-4983-bf1f-332bc3da2fa6" />
      <TestMethod codeBase="E:\Project\MTH\Backend\UnitTestProj\bin\Debug\UnitTestProj.dll" adapterTypeName="executor://mstestadapter/v2" className="UnitTestProj.ViewContractTest" name="FirstLevelAgentKickAllUsesManageScopeForVisibleUserRange" />
    </UnitTest>
    <UnitTest name="OnlinePlayersKickActionPostsToExistingKickEndpoints" storage="e:\project\mth\backend\unittestproj\bin\debug\unittestproj.dll" id="f84f11c8-9b75-4725-ff66-d8f73c27beb9">
      <Execution id="a300b7a1-4bef-497b-b698-e99b5672a107" />
      <TestMethod codeBase="E:\Project\MTH\Backend\UnitTestProj\bin\Debug\UnitTestProj.dll" adapterTypeName="executor://mstestadapter/v2" className="UnitTestProj.ViewContractTest" name="OnlinePlayersKickActionPostsToExistingKickEndpoints" />
    </UnitTest>
    <UnitTest name="UserInfoViewHidesCurrentGameStateColumns" storage="e:\project\mth\backend\unittestproj\bin\debug\unittestproj.dll" id="f9394c06-e4ec-2eb5-a579-94b95091c413">
      <Execution id="f1afa587-3651-42bf-8428-f84deb04bb25" />
      <TestMethod codeBase="E:\Project\MTH\Backend\UnitTestProj\bin\Debug\UnitTestProj.dll" adapterTypeName="executor://mstestadapter/v2" className="UnitTestProj.ViewContractTest" name="UserInfoViewHidesCurrentGameStateColumns" />
    </UnitTest>
    <UnitTest name="AgencyInfoOperationColumnKeepsLimitActionAndRemovesQuickQueryAction" storage="e:\project\mth\backend\unittestproj\bin\debug\unittestproj.dll" id="c6303d32-7856-d035-136d-37a401a3de82">
      <Execution id="fe7f7a73-4c2b-4f66-a31c-7c85620840b1" />
      <TestMethod codeBase="E:\Project\MTH\Backend\UnitTestProj\bin\Debug\UnitTestProj.dll" adapterTypeName="executor://mstestadapter/v2" className="UnitTestProj.ViewContractTest" name="AgencyInfoOperationColumnKeepsLimitActionAndRemovesQuickQueryAction" />
    </UnitTest>
    <UnitTest name="RechargeQueryCoinsUsesMessageBoxInsteadOfDialog" storage="e:\project\mth\backend\unittestproj\bin\debug\unittestproj.dll" id="ca7d965b-54f4-b3c2-1204-9e205dccf4eb">
      <Execution id="0860796a-368b-4ef0-a9e3-79ebe7efa0e2" />
      <TestMethod codeBase="E:\Project\MTH\Backend\UnitTestProj\bin\Debug\UnitTestProj.dll" adapterTypeName="executor://mstestadapter/v2" className="UnitTestProj.ViewContractTest" name="RechargeQueryCoinsUsesMessageBoxInsteadOfDialog" />
    </UnitTest>
    <UnitTest name="UserInfoViewUsesDefaultDeleteAndToastResultMessages" storage="e:\project\mth\backend\unittestproj\bin\debug\unittestproj.dll" id="9c78273b-c93c-a446-0e60-2336b9e41433">
      <Execution id="ec68b860-6402-4cce-a888-727f9e9d788e" />
      <TestMethod codeBase="E:\Project\MTH\Backend\UnitTestProj\bin\Debug\UnitTestProj.dll" adapterTypeName="executor://mstestadapter/v2" className="UnitTestProj.ViewContractTest" name="UserInfoViewUsesDefaultDeleteAndToastResultMessages" />
    </UnitTest>
  </TestDefinitions>
  <TestEntries>
    <TestEntry testId="a92b8463-3f25-4baa-5b34-e4751b84c404" executionId="6238dd38-1c03-4196-b15d-11c36e70b70f" testListId="8c84fa94-04c1-424b-9868-57a2d4851a1d" />
    <TestEntry testId="e3344252-27b1-22ec-c7be-a2b3ed152f96" executionId="062fef7c-6de4-41a3-a0e9-1c0f4921df08" testListId="8c84fa94-04c1-424b-9868-57a2d4851a1d" />
    <TestEntry testId="76fd065c-4e56-8f3c-0dbf-c6222557b352" executionId="88b96789-f99c-4da7-8925-7c2cafdab56d" testListId="8c84fa94-04c1-424b-9868-57a2d4851a1d" />
    <TestEntry testId="a61f905e-69d4-899b-429a-41007d108f31" executionId="a971c5a8-9972-401c-8cb9-6ece9a86a9b4" testListId="8c84fa94-04c1-424b-9868-57a2d4851a1d" />
    <TestEntry testId="2404956f-a49d-70e5-03da-ff77a5871e78" executionId="827f76b8-014c-4a43-84ef-d980277fe91b" testListId="8c84fa94-04c1-424b-9868-57a2d4851a1d" />
    <TestEntry testId="a065514d-deaf-f6a3-4abf-166a610ba83b" executionId="eeb24921-c77e-4415-b152-70cf3dcaf83d" testListId="8c84fa94-04c1-424b-9868-57a2d4851a1d" />
    <TestEntry testId="69feb490-0611-e9fb-03de-6307a4ae36ec" executionId="740b4f52-bfac-43bd-b1d0-561cc0cb9c5e" testListId="8c84fa94-04c1-424b-9868-57a2d4851a1d" />
    <TestEntry testId="97dd1d50-ce20-41ee-d4e6-9c0829d0eb17" executionId="4d52efc8-97cd-4e1d-b37a-e55983c65879" testListId="8c84fa94-04c1-424b-9868-57a2d4851a1d" />
    <TestEntry testId="8b660537-fbcf-75ec-3bec-65d15c515392" executionId="19ec9ee6-5383-4593-914b-49583c930756" testListId="8c84fa94-04c1-424b-9868-57a2d4851a1d" />
    <TestEntry testId="3d4d2e57-3f6a-9352-a049-ad3f38f4b67a" executionId="a36d6257-30a0-4e7e-a7bf-849e2825e71d" testListId="8c84fa94-04c1-424b-9868-57a2d4851a1d" />
    <TestEntry testId="2d8786b7-82a8-40eb-7ca8-e7d707e353cb" executionId="2b42c55d-8ebf-4639-a478-98af5cdb8ee6" testListId="8c84fa94-04c1-424b-9868-57a2d4851a1d" />
    <TestEntry testId="3952a817-4d65-6ffe-d204-5abae45ffbe9" executionId="bc4d55f3-89c3-4990-8152-9e5a98806285" testListId="8c84fa94-04c1-424b-9868-57a2d4851a1d" />
    <TestEntry testId="9c78273b-c93c-a446-0e60-2336b9e41433" executionId="ec68b860-6402-4cce-a888-727f9e9d788e" testListId="8c84fa94-04c1-424b-9868-57a2d4851a1d" />
    <TestEntry testId="a7cdf53d-590b-bd9d-075b-588749b8b20f" executionId="babbb77e-87e1-467b-a900-1a58795abfc6" testListId="8c84fa94-04c1-424b-9868-57a2d4851a1d" />
    <TestEntry testId="1719bd59-d265-2b4f-28d0-a71add7e098f" executionId="e8d9f188-9aa1-40a0-83aa-dfb8efeb02fd" testListId="8c84fa94-04c1-424b-9868-57a2d4851a1d" />
    <TestEntry testId="c6303d32-7856-d035-136d-37a401a3de82" executionId="fe7f7a73-4c2b-4f66-a31c-7c85620840b1" testListId="8c84fa94-04c1-424b-9868-57a2d4851a1d" />
    <TestEntry testId="550f2a9a-022a-9e20-7ad9-0e2dc0361652" executionId="f1516646-45b7-4983-bf1f-332bc3da2fa6" testListId="8c84fa94-04c1-424b-9868-57a2d4851a1d" />
    <TestEntry testId="3a4fe79b-85d0-2ac7-aace-57a7322a40df" executionId="98322609-7e83-4622-985c-67dc15579d32" testListId="8c84fa94-04c1-424b-9868-57a2d4851a1d" />
    <TestEntry testId="242e3f8c-5ca9-25bc-21b8-a186412ea199" executionId="763cdaa9-17e9-443e-82a7-d334c08d8f00" testListId="8c84fa94-04c1-424b-9868-57a2d4851a1d" />
    <TestEntry testId="26353cea-9550-2472-979e-92051831193b" executionId="cd9e71ba-a9da-42a2-9959-e354d7791bcb" testListId="8c84fa94-04c1-424b-9868-57a2d4851a1d" />
    <TestEntry testId="f9770a42-9811-ff9a-b968-5c816b8b43c9" executionId="d143d2c5-f60b-46fb-92b3-05d45b198f22" testListId="8c84fa94-04c1-424b-9868-57a2d4851a1d" />
    <TestEntry testId="f9394c06-e4ec-2eb5-a579-94b95091c413" executionId="f1afa587-3651-42bf-8428-f84deb04bb25" testListId="8c84fa94-04c1-424b-9868-57a2d4851a1d" />
    <TestEntry testId="74feb3d8-b8b3-6ebe-e44b-442e5987377f" executionId="7a446592-ce26-429f-84f2-8766df2f001a" testListId="8c84fa94-04c1-424b-9868-57a2d4851a1d" />
    <TestEntry testId="3a6bdd3a-3962-894d-3e1b-c5c199427ab2" executionId="21f106d0-e6a1-45e6-b6ef-8a352e763e91" testListId="8c84fa94-04c1-424b-9868-57a2d4851a1d" />
    <TestEntry testId="e08d704e-ae0a-406d-40f2-d16a77d49d31" executionId="a66f0dec-5848-40cb-a7cb-3df5fbcac251" testListId="8c84fa94-04c1-424b-9868-57a2d4851a1d" />
    <TestEntry testId="dd6e27c9-baf0-e4d0-e0af-947b7fc56912" executionId="73628be4-3d92-4339-8f94-747b45a72e91" testListId="8c84fa94-04c1-424b-9868-57a2d4851a1d" />
    <TestEntry testId="f84f11c8-9b75-4725-ff66-d8f73c27beb9" executionId="a300b7a1-4bef-497b-b698-e99b5672a107" testListId="8c84fa94-04c1-424b-9868-57a2d4851a1d" />
    <TestEntry testId="376e2364-98f8-61d7-352a-f0035554271b" executionId="e6883e67-4d96-4ff4-a5d8-5c669646d944" testListId="8c84fa94-04c1-424b-9868-57a2d4851a1d" />
    <TestEntry testId="555dfb0c-0c3c-ccb5-c133-b0c1c0ca3e8c" executionId="1c83b643-ff9d-4164-bd7d-46172d753660" testListId="8c84fa94-04c1-424b-9868-57a2d4851a1d" />
    <TestEntry testId="1247ab89-a059-ffbb-8485-c16b3973c3f2" executionId="18a7a52a-a7b9-40af-b16e-4532fea78650" testListId="8c84fa94-04c1-424b-9868-57a2d4851a1d" />
    <TestEntry testId="50e28eab-8e06-11ec-6bfc-a68e67d807f6" executionId="b5bb25fa-07fa-4180-9679-82f0439b591b" testListId="8c84fa94-04c1-424b-9868-57a2d4851a1d" />
    <TestEntry testId="ba25dc61-cdc7-8d91-b7dc-dc17b5956595" executionId="ce9336a7-fe19-4d08-b589-2d0a3385d81f" testListId="8c84fa94-04c1-424b-9868-57a2d4851a1d" />
    <TestEntry testId="ca7d965b-54f4-b3c2-1204-9e205dccf4eb" executionId="0860796a-368b-4ef0-a9e3-79ebe7efa0e2" testListId="8c84fa94-04c1-424b-9868-57a2d4851a1d" />
    <TestEntry testId="3c3a14ac-6fbe-c841-0c60-f73e2fb44edb" executionId="9520e815-83fc-465a-90c1-feb608423f25" testListId="8c84fa94-04c1-424b-9868-57a2d4851a1d" />
    <TestEntry testId="bdfe03ce-abe4-ab2c-e618-9cdb96943132" executionId="db159b71-4832-4c59-8a5f-b2e39d110645" testListId="8c84fa94-04c1-424b-9868-57a2d4851a1d" />
    <TestEntry testId="acd15a76-c886-b319-a6e8-1a6317f82cae" executionId="2e2fed67-ba81-47b4-bf4a-9d45bfa6a651" testListId="8c84fa94-04c1-424b-9868-57a2d4851a1d" />
  </TestEntries>
  <TestLists>
    <TestList name="列表中未列出的结果" id="8c84fa94-04c1-424b-9868-57a2d4851a1d" />
    <TestList name="所有已加载的结果" id="19431567-8539-422a-85d7-44ee4e166bda" />
  </TestLists>
  <ResultSummary outcome="Failed">
    <Counters total="36" executed="36" passed="30" failed="6" error="0" timeout="0" aborted="0" inconclusive="0" passedButRunAborted="0" notRunnable="0" notExecuted="0" disconnected="0" warning="0" completed="0" inProgress="0" pending="0" />
  </ResultSummary>
</TestRun>